<?xml version="1.0" encoding="utf-8"?><testsuites name="pytest tests"><testsuite name="pytest" errors="0" failures="0" skipped="0" tests="7" time="1.753" timestamp="2026-05-02T17:11:10.648444+00:00" hostname="agent-env-70f9a72f-98f5-4d28-9480-92f1d800f413"><testcase classname="tests.test_balance_confirmation_dashboard.TestAnalyticsShape" name="test_analytics_status_and_top_keys" time="0.405" /><testcase classname="tests.test_balance_confirmation_dashboard.TestAnalyticsShape" name="test_overall_six_status_buckets" time="0.177" /><testcase classname="tests.test_balance_confirmation_dashboard.TestAnalyticsShape" name="test_categories_structure" time="0.126" /><testcase classname="tests.test_balance_confirmation_dashboard.TestAnalyticsShape" name="test_funnel_six_stages" time="0.122" /><testcase classname="tests.test_balance_confirmation_dashboard.TestAnalyticsShape" name="test_reconciled_consistency" time="0.165" /><testcase classname="tests.test_balance_confirmation_dashboard.TestSummaryDownloads" name="test_summary_pdf" time="0.164" /><testcase classname="tests.test_balance_confirmation_dashboard.TestSummaryDownloads" name="test_summary_xlsx" time="0.560" /></testsuite></testsuites>