<?xml version="1.0" encoding="utf-8"?><testsuites name="pytest tests"><testsuite name="pytest" errors="0" failures="0" skipped="0" tests="78" time="8.420" timestamp="2026-04-28T04:53:02.891312+00:00" hostname="agent-env-70f9a72f-98f5-4d28-9480-92f1d800f413"><testcase classname="tests.test_gst_recon_phase_d" name="test_norm_inv_no_strips_non_alnum_and_uppercases" time="0.000" /><testcase classname="tests.test_gst_recon_phase_d" name="test_to_iso_date_handles_dd_mm_yyyy_and_iso" time="0.002" /><testcase classname="tests.test_gst_recon_phase_d" name="test_books_extractor_only_emits_party_gstin_b2b" time="0.000" /><testcase classname="tests.test_gst_recon_phase_d" name="test_books_extractor_purchase_inward" time="0.000" /><testcase classname="tests.test_gst_recon_phase_d" name="test_gstr1_extractor_walks_b2b_invoices" time="0.000" /><testcase classname="tests.test_gst_recon_phase_d" name="test_gstr2b_extractor_walks_docdata_b2b" time="0.000" /><testcase classname="tests.test_gst_recon_phase_d" name="test_match_exact" time="0.007" /><testcase classname="tests.test_gst_recon_phase_d" name="test_match_value_mismatch" time="0.000" /><testcase classname="tests.test_gst_recon_phase_d" name="test_match_date_mismatch" time="0.000" /><testcase classname="tests.test_gst_recon_phase_d" name="test_match_missing_in_portal_when_books_only" time="0.000" /><testcase classname="tests.test_gst_recon_phase_d" name="test_match_missing_in_books_when_portal_only" time="0.000" /><testcase classname="tests.test_gst_recon_phase_d" name="test_match_fuzzy_close_invoice_numbers" time="0.000" /><testcase classname="tests.test_gst_recon_phase_d" name="test_match_fuzzy_typo_one_char" time="0.000" /><testcase classname="tests.test_gst_recon_phase_d" name="test_match_does_not_cross_gstin_boundary" time="0.000" /><testcase classname="tests.test_gst_recon_phase_d" name="test_match_value_tolerance_under_1_rupee_passes" time="0.000" /><testcase classname="tests.test_gst_recon_phase_d" name="test_match_returns_no_internal_norm_keys" time="0.000" /><testcase classname="tests.test_gst_recon_phase_d_e2e.TestMatchEndpointGates" name="test_match_requires_auth" time="0.351" /><testcase classname="tests.test_gst_recon_phase_d_e2e.TestMatchEndpointGates" name="test_match_404_for_unknown_run" time="0.144" /><testcase classname="tests.test_gst_recon_phase_d_e2e.TestMatchEndpointGates" name="test_match_400_for_bad_direction" time="0.336" /><testcase classname="tests.test_gst_recon_phase_d_e2e.TestMatchEndpointGates" name="test_match_400_for_bad_period" time="0.370" /><testcase classname="tests.test_gst_recon_phase_d_e2e.TestInvoicePersistence" name="test_books_b2c_voucher_skipped_in_invoices_collection" time="0.340" /><testcase classname="tests.test_gst_recon_phase_d_e2e.TestInvoicePersistence" name="test_gstr1_reupload_replaces_period_invoices" time="0.446" /><testcase classname="tests.test_gst_recon_phase_d_e2e.TestInvoicePersistence" name="test_run_delete_cascades_invoices" time="0.345" /><testcase classname="tests.test_gst_recon_phase_d_e2e.TestMatchScenarios" name="test_matched_missing_portal_missing_books" time="0.513" /><testcase classname="tests.test_gst_recon_phase_d_e2e.TestMatchScenarios" name="test_value_mismatch" time="0.463" /><testcase classname="tests.test_gst_recon_phase_d_e2e.TestMatchScenarios" name="test_date_mismatch" time="0.460" /><testcase classname="tests.test_gst_recon_phase_d_e2e.TestMatchScenarios" name="test_fuzzy_match_one_char_typo" time="0.464" /><testcase classname="tests.test_gst_recon_phase_d_e2e.TestMatchScenarios" name="test_cross_gstin_safety" time="0.489" /><testcase classname="tests.test_gst_recon_phase_d_e2e.TestMatchScenarios" name="test_inward_uses_gstr2b" time="0.466" /><testcase classname="tests.test_gst_recon_phase_d_e2e.TestSchemas" name="test_runout_summary_field_round_trips" time="0.439" /><testcase classname="tests.test_gst_recon_phase_c3" name="test_gstr1_b2b_sum" time="0.000" /><testcase classname="tests.test_gst_recon_phase_c3" name="test_gstr1_cdnr_credit_subtracts" time="0.000" /><testcase classname="tests.test_gst_recon_phase_c3" name="test_gstr1_invalid_json_returns_empty" time="0.000" /><testcase classname="tests.test_gst_recon_phase_c3" name="test_gstr2b_itcsumm_path" time="0.000" /><testcase classname="tests.test_gst_recon_phase_c3" name="test_gstr2b_fallback_invoices_when_no_itcsumm" time="0.000" /><testcase classname="tests.test_gst_recon_phase_c3" name="test_books_outward_excludes_party_ledger" time="0.000" /><testcase classname="tests.test_gst_recon_phase_c3" name="test_books_groups_by_month" time="0.000" /><testcase classname="tests.test_gst_recon_phase_c3" name="test_summary_returns_12_rows_in_fy_order" time="0.000" /><testcase classname="tests.test_gst_recon_phase_c3" name="test_summary_apr_aggregates_correctly" time="0.000" /><testcase classname="tests.test_gst_recon_phase_c3" name="test_summary_variance_columns" time="0.000" /><testcase classname="tests.test_gst_recon_phase_c3" name="test_summary_annual_totals" time="0.000" /><testcase classname="tests.test_gst_recon_phase_c3" name="test_summary_handles_empty_run" time="0.000" /><testcase classname="tests.test_gst_recon_phase_c_e2e" name="test_auth_required" time="0.151" /><testcase classname="tests.test_gst_recon_phase_c_e2e" name="test_auth_me_works" time="0.107" /><testcase classname="tests.test_gst_recon_phase_c_e2e" name="test_create_run_persisted" time="0.103" /><testcase classname="tests.test_gst_recon_phase_c_e2e" name="test_list_runs_filtered_by_client" time="0.049" /><testcase classname="tests.test_gst_recon_phase_c_e2e" name="test_upload_gstr1_persists_r1_outward" time="0.056" /><testcase classname="tests.test_gst_recon_phase_c_e2e" name="test_upload_gstr2b_persists_r2b_itc" time="0.054" /><testcase classname="tests.test_gst_recon_phase_c_e2e" name="test_upload_gstr3b_pdf_persists_table_keys" time="0.069" /><testcase classname="tests.test_gst_recon_phase_c_e2e" name="test_upload_books_persists_books_per_month" time="0.052" /><testcase classname="tests.test_gst_recon_phase_c_e2e" name="test_validate_endpoint" time="0.097" /><testcase classname="tests.test_gst_recon_phase_c_e2e" name="test_summary_shape_and_math" time="0.053" /><testcase classname="tests.test_gst_recon_phase_c_e2e" name="test_summary_persisted_status_summarized" time="0.001" /><testcase classname="tests.test_gst_recon_phase_c_e2e" name="test_empty_run_summary_zero_rows" time="0.149" /><testcase classname="tests.test_gst_recon_phase_c_e2e" name="test_clients_endpoint_has_seeded_gstin_client" time="0.049" /><testcase classname="tests.test_gst_recon_phase_c_e2e" name="test_clause44_runs_endpoint_reachable" time="0.101" /><testcase classname="tests.test_merged_backend" name="test_root" time="0.121" /><testcase classname="tests.test_merged_backend" name="test_auth_me_ok" time="0.052" /><testcase classname="tests.test_merged_backend" name="test_auth_me_no_cookie" time="0.101" /><testcase classname="tests.test_merged_backend" name="test_msme_sessions_requires_auth" time="0.121" /><testcase classname="tests.test_merged_backend" name="test_client_create" time="0.057" /><testcase classname="tests.test_merged_backend" name="test_client_list" time="0.052" /><testcase classname="tests.test_merged_backend" name="test_client_get" time="0.059" /><testcase classname="tests.test_merged_backend" name="test_client_update" time="0.052" /><testcase classname="tests.test_merged_backend" name="test_clause44_runs" time="0.052" /><testcase classname="tests.test_merged_backend" name="test_msme_session_requires_client" time="0.052" /><testcase classname="tests.test_merged_backend" name="test_msme_create_session" time="0.049" /><testcase classname="tests.test_merged_backend" name="test_msme_list_sessions_filter" time="0.064" /><testcase classname="tests.test_merged_backend" name="test_msme_upload_yearend" time="0.064" /><testcase classname="tests.test_merged_backend" name="test_msme_upload_profiles" time="0.061" /><testcase classname="tests.test_merged_backend" name="test_msme_upload_payments" time="0.054" /><testcase classname="tests.test_merged_backend" name="test_msme_compute" time="0.052" /><testcase classname="tests.test_merged_backend" name="test_msme_compute_force_fifo_label" time="0.052" /><testcase classname="tests.test_merged_backend" name="test_msme_results" time="0.073" /><testcase classname="tests.test_merged_backend" name="test_msme_export" time="0.092" /><testcase classname="tests.test_merged_backend" name="test_msme_template" time="0.057" /><testcase classname="tests.test_merged_backend" name="test_zz_cleanup_session" time="0.113" /><testcase classname="tests.test_merged_backend" name="test_zz_cleanup_client" time="0.101" /></testsuite></testsuites>