<?xml version="1.0" encoding="utf-8"?><testsuites name="pytest tests"><testsuite name="pytest" errors="0" failures="0" skipped="0" tests="16" time="1.996" timestamp="2026-04-30T11:11:56.371368+00:00" hostname="agent-env-70f9a72f-98f5-4d28-9480-92f1d800f413"><testcase classname="tests.test_fixed_assets_additions_xlsx.TestExport" name="test_export_status_and_size" time="0.238" /><testcase classname="tests.test_fixed_assets_additions_xlsx.TestExport" name="test_export_is_valid_xlsx_multi_sheet" time="0.020" /><testcase classname="tests.test_fixed_assets_additions_xlsx.TestExport" name="test_export_has_totals_strip_and_headers" time="0.020" /><testcase classname="tests.test_fixed_assets_additions_xlsx.TestExport" name="test_export_contains_discount_credit_rows" time="0.020" /><testcase classname="tests.test_fixed_assets_additions_xlsx.TestImportDryRun" name="test_dry_run_noop_returns_ok_no_changes" time="0.110" /><testcase classname="tests.test_fixed_assets_additions_xlsx.TestImportDryRun" name="test_dry_run_with_edit_detects_diff" time="0.114" /><testcase classname="tests.test_fixed_assets_additions_xlsx.TestImportDryRun" name="test_dry_run_discount_ids_not_unknown" time="0.073" /><testcase classname="tests.test_fixed_assets_additions_xlsx.TestImportDryRun" name="test_dry_run_does_not_persist" time="0.048" /><testcase classname="tests.test_fixed_assets_additions_xlsx.TestImportApplyAndDrift" name="test_apply_edit_persists_and_unsets_nothing" time="0.279" /><testcase classname="tests.test_fixed_assets_additions_xlsx.TestImportApplyAndDrift" name="test_apply_numeric_drift_persists_warning" time="0.289" /><testcase classname="tests.test_fixed_assets_additions_xlsx.TestImportApplyAndDrift" name="test_clear_excel_drift_endpoint" time="0.096" /><testcase classname="tests.test_fixed_assets_additions_xlsx.TestBulkPatch" name="test_bulk_patch_mark_reviewed_single_row" time="0.069" /><testcase classname="tests.test_fixed_assets_additions_xlsx.TestBulkPatch" name="test_bulk_patch_copy_ptu_from_acc" time="0.068" /><testcase classname="tests.test_fixed_assets_additions_xlsx.TestBulkPatch" name="test_bulk_patch_skips_discount_ids" time="0.069" /><testcase classname="tests.test_fixed_assets_additions_xlsx.TestAuthGating" name="test_export_requires_session" time="0.109" /><testcase classname="tests.test_fixed_assets_additions_xlsx.TestAuthGating" name="test_bulk_patch_requires_session" time="0.134" /></testsuite></testsuites>