<?xml version="1.0" encoding="utf-8"?><testsuites name="pytest tests"><testsuite name="pytest" errors="0" failures="0" skipped="0" tests="22" time="1.699" timestamp="2026-04-28T02:38:54.646344+00:00" hostname="agent-env-70f9a72f-98f5-4d28-9480-92f1d800f413"><testcase classname="tests.test_merged_backend" name="test_root" time="0.225" /><testcase classname="tests.test_merged_backend" name="test_auth_me_ok" time="0.056" /><testcase classname="tests.test_merged_backend" name="test_auth_me_no_cookie" time="0.115" /><testcase classname="tests.test_merged_backend" name="test_msme_sessions_requires_auth" time="0.174" /><testcase classname="tests.test_merged_backend" name="test_client_create" time="0.052" /><testcase classname="tests.test_merged_backend" name="test_client_list" time="0.046" /><testcase classname="tests.test_merged_backend" name="test_client_get" time="0.055" /><testcase classname="tests.test_merged_backend" name="test_client_update" time="0.053" /><testcase classname="tests.test_merged_backend" name="test_clause44_runs" time="0.048" /><testcase classname="tests.test_merged_backend" name="test_msme_session_requires_client" time="0.052" /><testcase classname="tests.test_merged_backend" name="test_msme_create_session" time="0.052" /><testcase classname="tests.test_merged_backend" name="test_msme_list_sessions_filter" time="0.049" /><testcase classname="tests.test_merged_backend" name="test_msme_upload_yearend" time="0.061" /><testcase classname="tests.test_merged_backend" name="test_msme_upload_profiles" time="0.053" /><testcase classname="tests.test_merged_backend" name="test_msme_upload_payments" time="0.059" /><testcase classname="tests.test_merged_backend" name="test_msme_compute" time="0.050" /><testcase classname="tests.test_merged_backend" name="test_msme_compute_force_fifo_label" time="0.049" /><testcase classname="tests.test_merged_backend" name="test_msme_results" time="0.058" /><testcase classname="tests.test_merged_backend" name="test_msme_export" time="0.091" /><testcase classname="tests.test_merged_backend" name="test_msme_template" time="0.053" /><testcase classname="tests.test_merged_backend" name="test_zz_cleanup_session" time="0.103" /><testcase classname="tests.test_merged_backend" name="test_zz_cleanup_client" time="0.105" /></testsuite></testsuites>