<?xml version="1.0" encoding="utf-8"?><testsuites name="pytest tests"><testsuite name="pytest" errors="0" failures="0" skipped="0" tests="12" time="81.712" timestamp="2026-04-30T18:24:07.041515+00:00" hostname="agent-env-70f9a72f-98f5-4d28-9480-92f1d800f413"><testcase classname="tests.test_invoice_ocr_phase15" name="test_upload_invoices_requires_auth" time="0.530" /><testcase classname="tests.test_invoice_ocr_phase15" name="test_apply_invoice_uploads_requires_auth" time="0.055" /><testcase classname="tests.test_invoice_ocr_phase15" name="test_upload_rejects_non_pdf" time="0.227" /><testcase classname="tests.test_invoice_ocr_phase15" name="test_upload_rejects_fake_pdf_header" time="0.074" /><testcase classname="tests.test_invoice_ocr_phase15" name="test_upload_returns_expected_shape" time="24.432" /><testcase classname="tests.test_invoice_ocr_phase15" name="test_upload_chunk_extraction_fields" time="0.000" /><testcase classname="tests.test_invoice_ocr_phase15" name="test_second_upload_gets_fresh_id" time="30.424" /><testcase classname="tests.test_invoice_ocr_phase15" name="test_apply_with_unknown_upload_id_returns_404" time="0.084" /><testcase classname="tests.test_invoice_ocr_phase15" name="test_apply_download_delete_cycle" time="0.843" /><testcase classname="tests.test_invoice_ocr_phase15" name="test_download_404_when_no_attachment" time="0.073" /><testcase classname="tests.test_invoice_ocr_phase15" name="test_reapply_chunk_replaces_attachment" time="24.442" /><testcase classname="tests.test_invoice_ocr_phase15" name="test_delete_run_cascades_invoice_attachments" time="0.482" /></testsuite></testsuites>