<?xml version="1.0" encoding="utf-8"?><testsuites name="pytest tests"><testsuite name="pytest" errors="0" failures="1" skipped="0" tests="9" time="1.322" timestamp="2026-05-04T12:44:33.595867+00:00" hostname="agent-env-70f9a72f-98f5-4d28-9480-92f1d800f413"><testcase classname="tests.test_clause44_release1_live.TestPatchSelections" name="test_patch_accepts_new_fields" time="0.233" /><testcase classname="tests.test_clause44_release1_live.TestPatchSelections" name="test_patch_persists_to_get" time="0.107" /><testcase classname="tests.test_clause44_release1_live.TestPatchSelections" name="test_patch_partial_update" time="0.114" /><testcase classname="tests.test_clause44_release1_live.TestGenerateAndReclassify" name="test_generate_with_itc_inference_on" time="0.133" /><testcase classname="tests.test_clause44_release1_live.TestGenerateAndReclassify" name="test_get_silent_reclassify_with_inference_off" time="0.115" /><testcase classname="tests.test_clause44_release1_live.TestGenerateAndReclassify" name="test_get_silent_reclassify_with_inference_on" time="0.112" /><testcase classname="tests.test_clause44_release1_live.TestGenerateAndReclassify" name="test_disclaimer_default_present_when_unset" time="0.059" /><testcase classname="tests.test_clause44_release1_live.TestExcelExport" name="test_six_sheets" time="0.193" /><testcase classname="tests.test_clause44_release1_live.TestExcelExport" name="test_recon_sheet_present" time="0.006"><failure message="AssertionError: Missing 'P&amp;L' line in recon sheet:&#10;  Reconciliation — Books to Clause 44 (ICAI Para 79.4)&#10;  &#10;  Particulars | Amount&#10;  Total Expenditure as per Profit &amp; Loss | 8072786.270000002&#10;  + Capital expenditure additions (ICAI Para 79.18) | 0&#10;  Less: Non-cash charges (depreciation, provisions, fair-value losses) | 0&#10;  Less: Schedule III items (salary, wages, PF/ESI, gratuity, dividend declared, sale of land/building) | 0&#10;  Less: Money / Securities transactions (interest, TDS, investments, share transactions) | 0&#10;  Less: Other auditor-elected exclusions | 0&#10;  = Reportable Expenditure (Col 2 of Clause 44) | 8072786.270000002&#10;  &#10;  Disclaimer&#10;  Test disclaimer iteration_18.&#10;assert 'p&amp;l' in 'reconciliation — books to clause 44 (icai para 79.4)\n\nparticulars | amount\ntotal expenditure as per profit &amp; loss | 8072786.270000002\n+ capital expenditure additions (icai para 79.18) | 0\nless: non-cash charges (depreciation, provisions, fair-value losses) | 0\nless: schedule iii items (salary, wages, pf/esi, gratuity, dividend declared, sale of land/building) | 0\nless: money / securities transactions (interest, tds, investments, share transactions) | 0\nless: other auditor-elected exclusions | 0\n= reportable expenditure (col 2 of clause 44) | 8072786.270000002\n\ndisclaimer\ntest disclaimer iteration_18.'&#10; +  where 'p&amp;l' = &lt;built-in method lower of str object at 0xf9892492f7b0&gt;()&#10; +    where &lt;built-in method lower of str object at 0xf9892492f7b0&gt; = 'P&amp;L'.lower&#10; +  and   'reconciliation — books to clause 44 (icai para 79.4)\n\nparticulars | amount\ntotal expenditure as per profit &amp; loss | 8072786.270000002\n+ capital expenditure additions (icai para 79.18) | 0\nless: non-cash charges (depreciation, provisions, fair-value losses) | 0\nless: schedule iii items (salary, wages, pf/esi, gratuity, dividend declared, sale of land/building) | 0\nless: money / securities transactions (interest, tds, investments, share transactions) | 0\nless: other auditor-elected exclusions | 0\n= reportable expenditure (col 2 of clause 44) | 8072786.270000002\n\ndisclaimer\ntest disclaimer iteration_18.' = &lt;built-in method lower of str object at 0xab54af4f9a70&gt;()&#10; +    where &lt;built-in method lower of str object at 0xab54af4f9a70&gt; = 'Reconciliation — Books to Clause 44 (ICAI Para 79.4)\n\nParticulars | Amount\nTotal Expenditure as per Profit &amp; Loss | 8072786.270000002\n+ Capital expenditure additions (ICAI Para 79.18) | 0\nLess: Non-cash charges (depreciation, provisions, fair-value losses) | 0\nLess: Schedule III items (salary, wages, PF/ESI, gratuity, dividend declared, sale of land/building) | 0\nLess: Money / Securities transactions (interest, TDS, investments, share transactions) | 0\nLess: Other auditor-elected exclusions | 0\n= Reportable Expenditure (Col 2 of Clause 44) | 8072786.270000002\n\nDisclaimer\nTest disclaimer iteration_18.'.lower">tests/test_clause44_release1_live.py:214: in test_recon_sheet_present
    assert needle.lower() in text.lower(), \
E   AssertionError: Missing 'P&amp;L' line in recon sheet:
E     Reconciliation — Books to Clause 44 (ICAI Para 79.4)
E     
E     Particulars | Amount
E     Total Expenditure as per Profit &amp; Loss | 8072786.270000002
E     + Capital expenditure additions (ICAI Para 79.18) | 0
E     Less: Non-cash charges (depreciation, provisions, fair-value losses) | 0
E     Less: Schedule III items (salary, wages, PF/ESI, gratuity, dividend declared, sale of land/building) | 0
E     Less: Money / Securities transactions (interest, TDS, investments, share transactions) | 0
E     Less: Other auditor-elected exclusions | 0
E     = Reportable Expenditure (Col 2 of Clause 44) | 8072786.270000002
E     
E     Disclaimer
E     Test disclaimer iteration_18.
E   assert 'p&amp;l' in 'reconciliation — books to clause 44 (icai para 79.4)\n\nparticulars | amount\ntotal expenditure as per profit &amp; loss | 8072786.270000002\n+ capital expenditure additions (icai para 79.18) | 0\nless: non-cash charges (depreciation, provisions, fair-value losses) | 0\nless: schedule iii items (salary, wages, pf/esi, gratuity, dividend declared, sale of land/building) | 0\nless: money / securities transactions (interest, tds, investments, share transactions) | 0\nless: other auditor-elected exclusions | 0\n= reportable expenditure (col 2 of clause 44) | 8072786.270000002\n\ndisclaimer\ntest disclaimer iteration_18.'
E    +  where 'p&amp;l' = &lt;built-in method lower of str object at 0xf9892492f7b0&gt;()
E    +    where &lt;built-in method lower of str object at 0xf9892492f7b0&gt; = 'P&amp;L'.lower
E    +  and   'reconciliation — books to clause 44 (icai para 79.4)\n\nparticulars | amount\ntotal expenditure as per profit &amp; loss | 8072786.270000002\n+ capital expenditure additions (icai para 79.18) | 0\nless: non-cash charges (depreciation, provisions, fair-value losses) | 0\nless: schedule iii items (salary, wages, pf/esi, gratuity, dividend declared, sale of land/building) | 0\nless: money / securities transactions (interest, tds, investments, share transactions) | 0\nless: other auditor-elected exclusions | 0\n= reportable expenditure (col 2 of clause 44) | 8072786.270000002\n\ndisclaimer\ntest disclaimer iteration_18.' = &lt;built-in method lower of str object at 0xab54af4f9a70&gt;()
E    +    where &lt;built-in method lower of str object at 0xab54af4f9a70&gt; = 'Reconciliation — Books to Clause 44 (ICAI Para 79.4)\n\nParticulars | Amount\nTotal Expenditure as per Profit &amp; Loss | 8072786.270000002\n+ Capital expenditure additions (ICAI Para 79.18) | 0\nLess: Non-cash charges (depreciation, provisions, fair-value losses) | 0\nLess: Schedule III items (salary, wages, PF/ESI, gratuity, dividend declared, sale of land/building) | 0\nLess: Money / Securities transactions (interest, TDS, investments, share transactions) | 0\nLess: Other auditor-elected exclusions | 0\n= Reportable Expenditure (Col 2 of Clause 44) | 8072786.270000002\n\nDisclaimer\nTest disclaimer iteration_18.'.lower</failure></testcase></testsuite></testsuites>