<?xml version="1.0" encoding="utf-8"?><testsuites name="pytest tests"><testsuite name="pytest" errors="0" failures="0" skipped="0" tests="28" time="3.346" timestamp="2026-04-29T04:17:39.773910+00:00" hostname="agent-env-70f9a72f-98f5-4d28-9480-92f1d800f413"><testcase classname="tests.test_balance_confirmation.TestRunsCrud" name="test_auth_gate_runs_list" time="0.144" /><testcase classname="tests.test_balance_confirmation.TestRunsCrud" name="test_create_run_missing_client_id" time="0.169" /><testcase classname="tests.test_balance_confirmation.TestRunsCrud" name="test_create_run_missing_fy" time="0.051" /><testcase classname="tests.test_balance_confirmation.TestRunsCrud" name="test_create_run_empty_client_id" time="0.049" /><testcase classname="tests.test_balance_confirmation.TestRunsCrud" name="test_runs_list_filter_by_client" time="0.099" /><testcase classname="tests.test_balance_confirmation.TestRunsCrud" name="test_get_run_returns_with_summary_field" time="0.049" /><testcase classname="tests.test_balance_confirmation.TestRunsCrud" name="test_get_run_404" time="0.047" /><testcase classname="tests.test_balance_confirmation.TestBooksUpload" name="test_upload_books_classifies_ledgers" time="0.317" /><testcase classname="tests.test_balance_confirmation.TestBooksUpload" name="test_run_status_now_ingested" time="0.049" /><testcase classname="tests.test_balance_confirmation.TestBooksUpload" name="test_ledgers_have_response_token_and_balances" time="0.081" /><testcase classname="tests.test_balance_confirmation.TestBooksUpload" name="test_upload_books_invalid_json" time="0.149" /><testcase classname="tests.test_balance_confirmation.TestLedgersWorkbench" name="test_filter_by_category" time="0.050" /><testcase classname="tests.test_balance_confirmation.TestLedgersWorkbench" name="test_filter_missing_email" time="0.061" /><testcase classname="tests.test_balance_confirmation.TestLedgersWorkbench" name="test_patch_ledger_email_and_summary_recomputes" time="0.154" /><testcase classname="tests.test_balance_confirmation.TestLedgersWorkbench" name="test_patch_ledger_invalid_category" time="0.135" /><testcase classname="tests.test_balance_confirmation.TestLedgersWorkbench" name="test_patch_ledger_404" time="0.052" /><testcase classname="tests.test_balance_confirmation.TestCsvRoundtrip" name="test_export_csv_has_bom_and_columns" time="0.054" /><testcase classname="tests.test_balance_confirmation.TestCsvRoundtrip" name="test_import_csv_matches_by_ledger_id_and_by_name" time="0.227" /><testcase classname="tests.test_balance_confirmation.TestTemplates" name="test_default_templates_auto_seed" time="0.048" /><testcase classname="tests.test_balance_confirmation.TestTemplates" name="test_default_templates_idempotent" time="0.116" /><testcase classname="tests.test_balance_confirmation.TestTemplates" name="test_default_template_has_assureai_green" time="0.051" /><testcase classname="tests.test_balance_confirmation.TestTemplates" name="test_create_custom_template_then_patch_then_delete" time="0.147" /><testcase classname="tests.test_balance_confirmation.TestTemplates" name="test_delete_default_rejected" time="0.111" /><testcase classname="tests.test_balance_confirmation.TestTemplates" name="test_create_invalid_kind" time="0.046" /><testcase classname="tests.test_balance_confirmation.TestAuthorization" name="test_word_template_returns_valid_docx" time="0.100" /><testcase classname="tests.test_balance_confirmation.TestAuthorization" name="test_upload_authorization_rejects_non_pdf" time="0.048" /><testcase classname="tests.test_balance_confirmation.TestAuthorization" name="test_upload_get_download_delete_pdf_cycle" time="0.240" /><testcase classname="tests.test_balance_confirmation.TestCascadeDelete" name="test_delete_run_cascades_ledgers" time="0.424" /></testsuite></testsuites>