<?xml version="1.0" encoding="utf-8"?><testsuites name="pytest tests"><testsuite name="pytest" errors="0" failures="0" skipped="0" tests="14" time="4.336" timestamp="2026-04-29T04:57:29.458626+00:00" hostname="agent-env-70f9a72f-98f5-4d28-9480-92f1d800f413"><testcase classname="tests.test_balance_confirmation_phase3.TestBulkSend" name="test_send_to_delivered_resend_dev_returns_id" time="1.102" /><testcase classname="tests.test_balance_confirmation_phase3.TestBulkSend" name="test_send_no_email_is_skipped" time="0.118" /><testcase classname="tests.test_balance_confirmation_phase3.TestBulkSend" name="test_send_reminder_prefixes_subject_and_sets_last_reminded_at" time="0.465" /><testcase classname="tests.test_balance_confirmation_phase3.TestBulkSend" name="test_send_log_newest_first_and_ledger_filter" time="0.046" /><testcase classname="tests.test_balance_confirmation_phase3.TestBulkSend" name="test_send_empty_ledger_ids_400" time="0.048" /><testcase classname="tests.test_balance_confirmation_phase3.TestReminders" name="test_reminders_eligible_after_backdating" time="0.158" /><testcase classname="tests.test_balance_confirmation_phase3.TestTelemetry" name="test_pixel_returns_43byte_gif_for_unknown_token" time="0.121" /><testcase classname="tests.test_balance_confirmation_phase3.TestTelemetry" name="test_pixel_flips_status_to_opened" time="0.258" /><testcase classname="tests.test_balance_confirmation_phase3.TestTelemetry" name="test_click_redirects_302_and_sets_clicked" time="0.229" /><testcase classname="tests.test_balance_confirmation_phase3.TestWebhook" name="test_webhook_rejects_bad_signature" time="0.144" /><testcase classname="tests.test_balance_confirmation_phase3.TestWebhook" name="test_webhook_accepts_valid_signature_and_flips_status" time="0.454" /><testcase classname="tests.test_balance_confirmation_phase3.TestWebhook" name="test_webhook_terminal_status_not_downgraded" time="0.233" /><testcase classname="tests.test_balance_confirmation_phase3.TestExtractPdf" name="test_extract_pdf_built_inline" time="0.155" /><testcase classname="tests.test_balance_confirmation_phase3.TestCascadeDeleteSendLog" name="test_delete_run_drops_send_log" time="0.748" /></testsuite></testsuites>