<?xml version="1.0" encoding="utf-8"?><testsuites name="pytest tests"><testsuite name="pytest" errors="0" failures="0" skipped="0" tests="26" time="5.922" timestamp="2026-05-06T08:09:51.127446+00:00" hostname="agent-env-70f9a72f-98f5-4d28-9480-92f1d800f413"><testcase classname="tests.test_release_4_5_collapse_extras" name="test_post_runs_is_upsert[/api/balance-confirmation/runs-payload0]" time="0.401" /><testcase classname="tests.test_release_4_5_collapse_extras" name="test_post_runs_is_upsert[/api/fixed-assets/runs-payload1]" time="0.226" /><testcase classname="tests.test_release_4_5_collapse_extras" name="test_post_runs_is_upsert[/api/fin-statement/runs-payload2]" time="0.223" /><testcase classname="tests.test_release_4_5_collapse_extras" name="test_post_runs_is_upsert[/api/gst-recon/runs-payload3]" time="0.219" /><testcase classname="tests.test_release_4_5_collapse_extras" name="test_post_runs_is_upsert[/api/msme/sessions-payload4]" time="0.231" /><testcase classname="tests.test_release_4_5_collapse_extras" name="test_msme_stale_session_redirects_to_canonical" time="0.110" /><testcase classname="tests.test_release_4_5_collapse_extras" name="test_clause44_stale_run_redirects_to_canonical" time="0.199" /><testcase classname="tests.test_release_4_5_collapse_extras" name="test_generations_envelope_shape[/api/balance-confirmation/runs-/api/balance-confirmation/runs/{rid}/generations-id]" time="0.241" /><testcase classname="tests.test_release_4_5_collapse_extras" name="test_generations_envelope_shape[/api/fixed-assets/runs-/api/fixed-assets/runs/{rid}/generations-id]" time="0.227" /><testcase classname="tests.test_release_4_5_collapse_extras" name="test_generations_envelope_shape[/api/fin-statement/runs-/api/fin-statement/runs/{rid}/generations-id]" time="0.244" /><testcase classname="tests.test_release_4_5_collapse_extras" name="test_generations_envelope_shape[/api/gst-recon/runs-/api/gst-recon/runs/{rid}/generations-id]" time="0.240" /><testcase classname="tests.test_release_4_5_collapse_extras" name="test_generations_envelope_shape[/api/msme/sessions-/api/msme/sessions/{rid}/generations-id]" time="0.206" /><testcase classname="tests.test_release_4_5_collapse_extras" name="test_msme_canonical_session_has_generation_row" time="0.101" /><testcase classname="tests.test_release_4_5_collapse_extras" name="test_listing_filters_archived[/api/balance-confirmation/runs]" time="0.127" /><testcase classname="tests.test_release_4_5_collapse_extras" name="test_listing_filters_archived[/api/fixed-assets/runs]" time="0.126" /><testcase classname="tests.test_release_4_5_collapse_extras" name="test_listing_filters_archived[/api/fin-statement/runs]" time="0.105" /><testcase classname="tests.test_release_4_5_collapse_extras" name="test_listing_filters_archived[/api/gst-recon/runs]" time="0.105" /><testcase classname="tests.test_release_4_5_collapse_extras" name="test_listing_filters_archived[/api/msme/sessions]" time="0.103" /><testcase classname="tests.test_release_4_5_collapse_extras" name="test_listing_filters_archived[/api/runs?archived=false]" time="0.104" /><testcase classname="tests.test_release_4_5_collapse_live" name="test_generations_endpoint_returns_envelope[/api/balance-confirmation/runs-id]" time="0.227" /><testcase classname="tests.test_release_4_5_collapse_live" name="test_generations_endpoint_returns_envelope[/api/fixed-assets/runs-id]" time="0.208" /><testcase classname="tests.test_release_4_5_collapse_live" name="test_generations_endpoint_returns_envelope[/api/fin-statement/runs-id]" time="0.207" /><testcase classname="tests.test_release_4_5_collapse_live" name="test_generations_endpoint_returns_envelope[/api/gst-recon/runs-id]" time="0.238" /><testcase classname="tests.test_release_4_5_collapse_live" name="test_generations_endpoint_returns_envelope[/api/msme/sessions-id]" time="0.220" /><testcase classname="tests.test_release_4_5_collapse_live" name="test_clause44_generations_endpoint" time="0.221" /><testcase classname="tests.test_release_4_5_collapse_live" name="test_no_archived_runs_in_listing" time="1.023" /></testsuite></testsuites>