<?xml version="1.0" encoding="utf-8"?><testsuites name="pytest tests"><testsuite name="pytest" errors="0" failures="0" skipped="0" tests="45" time="2.809" timestamp="2026-05-04T17:01:27.729259+00:00" hostname="agent-env-70f9a72f-98f5-4d28-9480-92f1d800f413"><testcase classname="tests.test_clause44_release3_1.TestKindClassifier" name="test_input_prefixed_names" time="0.000" /><testcase classname="tests.test_clause44_release3_1.TestKindClassifier" name="test_output_prefixed_names" time="0.000" /><testcase classname="tests.test_clause44_release3_1.TestKindClassifier" name="test_alt_names" time="0.000" /><testcase classname="tests.test_clause44_release3_1.TestKindClassifier" name="test_neutral_falls_back_to_other" time="0.000" /><testcase classname="tests.test_clause44_release3_1.TestSeedingHeuristic" name="test_input_with_target_subhead_is_pre_ticked" time="0.000" /><testcase classname="tests.test_clause44_release3_1.TestSeedingHeuristic" name="test_output_with_target_subhead_is_NOT_pre_ticked" time="0.000" /><testcase classname="tests.test_clause44_release3_1.TestSeedingHeuristic" name="test_other_with_target_subhead_is_NOT_pre_ticked" time="0.000" /><testcase classname="tests.test_clause44_release3_1.TestSeedingHeuristic" name="test_input_off_target_subhead_is_NOT_pre_ticked" time="0.000" /><testcase classname="tests.test_clause44_release3_1.TestSeedingHeuristic" name="test_real_world_abc_textile_set" time="0.000" /><testcase classname="tests.test_clause44_release3_2.TestNameWhitespaceCollapse" name="test_sgst_in_put_with_space" time="0.000" /><testcase classname="tests.test_clause44_release3_2.TestNameWhitespaceCollapse" name="test_input_with_dash_underscore" time="0.000" /><testcase classname="tests.test_clause44_release3_2.TestParentGroupSignal" name="test_input_credit_group_catches_neutral_named_ledger" time="0.000" /><testcase classname="tests.test_clause44_release3_2.TestParentGroupSignal" name="test_output_credit_group_overrides" time="0.000" /><testcase classname="tests.test_clause44_release3_2.TestParentGroupSignal" name="test_defrerred_input_credit_typo" time="0.000" /><testcase classname="tests.test_clause44_release3_2.TestSourcePriority" name="test_name_beats_group" time="0.000" /><testcase classname="tests.test_clause44_release3_2.TestSourcePriority" name="test_output_anywhere_wins_over_input" time="0.000" /><testcase classname="tests.test_clause44_release3_2.TestVoucherUsage" name="test_purchase_dominant_marks_input" time="0.000" /><testcase classname="tests.test_clause44_release3_2.TestVoucherUsage" name="test_sales_dominant_marks_output" time="0.000" /><testcase classname="tests.test_clause44_release3_2.TestVoucherUsage" name="test_mixed_usage_returns_neutral" time="0.000" /><testcase classname="tests.test_clause44_release3_2.TestVoucherUsage" name="test_unused_ledger_returns_neutral" time="0.000" /><testcase classname="tests.test_clause44_release3_2.TestVoucherUsage" name="test_below_threshold_returns_neutral" time="0.000" /><testcase classname="tests.test_clause44_release3_2.TestSuggestionsIntegration" name="test_usage_promotes_other_to_input_and_pre_ticks" time="0.000" /><testcase classname="tests.test_clause44_release3_2.TestSuggestionsIntegration" name="test_name_input_with_no_subhead_match_now_pre_ticks_via_usage" time="0.000" /><testcase classname="tests.test_clause44_release3_2.TestSuggestionsIntegration" name="test_output_named_with_purchase_usage_stays_output" time="0.000" /><testcase classname="tests.test_clause44_release3_2.TestSuggestionsIntegration" name="test_no_vouchers_falls_back_to_legacy_subhead_path" time="0.000" /><testcase classname="tests.test_clause44_release3_2.TestSuggestionsIntegration" name="test_real_abc_textile_pattern" time="0.000" /><testcase classname="tests.test_clause44_release3_2.TestCoverageDiagnostic" name="test_coverage_full" time="0.000" /><testcase classname="tests.test_clause44_release3_2.TestCoverageDiagnostic" name="test_coverage_zero_triggers_advisory" time="0.000" /><testcase classname="tests.test_clause44_release3_2.TestCoverageDiagnostic" name="test_no_eligible_vouchers_returns_none" time="0.000" /><testcase classname="tests.test_clause44_release3_2_live.TestUploadItcCandidatesShape" name="test_all_input_ledgers_present_with_kind_input" time="0.813" /><testcase classname="tests.test_clause44_release3_2_live.TestUploadItcCandidatesShape" name="test_sgst_in_put_with_embedded_space_is_input" time="0.000" /><testcase classname="tests.test_clause44_release3_2_live.TestUploadItcCandidatesShape" name="test_output_ledgers_classified_output" time="0.000" /><testcase classname="tests.test_clause44_release3_2_live.TestUploadItcCandidatesShape" name="test_kind_source_values_valid" time="0.000" /><testcase classname="tests.test_clause44_release3_2_live.TestUploadItcCandidatesShape" name="test_usage_telemetry_fields_present" time="0.000" /><testcase classname="tests.test_clause44_release3_2_live.TestUploadItcCandidatesShape" name="test_input_ledgers_have_nonzero_purchase_usage" time="0.000" /><testcase classname="tests.test_clause44_release3_2_live.TestGetRunShape" name="test_get_run_has_same_itc_candidate_shape" time="0.081" /><testcase classname="tests.test_clause44_release3_2_live.TestCoverageDiagnosticLive" name="test_generate_with_all_inputs_gives_high_coverage" time="0.083" /><testcase classname="tests.test_clause44_release3_2_live.TestCoverageDiagnosticLive" name="test_generate_with_empty_itc_drops_coverage_to_zero" time="0.140" /><testcase classname="tests.test_clause44_release3_1_live.TestItcKindField" name="test_kind_present_on_every_candidate_user_run" time="0.198" /><testcase classname="tests.test_clause44_release3_1_live.TestItcKindField" name="test_kind_present_on_every_candidate_sibling_run" time="0.091" /><testcase classname="tests.test_clause44_release3_1_live.TestOutputLedgersNotPreTicked" name="test_output_cgst_sgst_igst_are_output_kind_and_not_suggested" time="0.088" /><testcase classname="tests.test_clause44_release3_1_live.TestInputLedgerPreTicked" name="test_input_sgst_is_input_kind_and_suggested" time="0.091" /><testcase classname="tests.test_clause44_release3_1_live.TestRealRunExactSet" name="test_user_reported_case_exact_shape" time="0.087" /><testcase classname="tests.test_clause44_release3_1_live.TestUserElectedOutputRespected" name="test_patch_persists_output_election_verbatim" time="0.369" /><testcase classname="tests.test_clause44_release3_1_live.TestUserElectedOutputRespected" name="test_generate_with_output_ledger_respects_user_choice" time="0.410" /></testsuite></testsuites>