<?xml version="1.0" encoding="utf-8"?><testsuites name="pytest tests"><testsuite name="pytest" errors="0" failures="0" skipped="0" tests="14" time="2.476" timestamp="2026-05-06T14:31:39.950113+00:00" hostname="agent-env-70f9a72f-98f5-4d28-9480-92f1d800f413"><testcase classname="tests.test_bc_release_4_6_live.TestCsvExport" name="test_export_csv_returns_200" time="0.426" /><testcase classname="tests.test_bc_release_4_6_live.TestCsvExport" name="test_export_header_has_split_address" time="0.090" /><testcase classname="tests.test_bc_release_4_6_live.TestCsvImport" name="test_import_split_address_csv_persists" time="0.590" /><testcase classname="tests.test_bc_release_4_6_live.TestCsvImport" name="test_import_legacy_single_address_column" time="0.082" /><testcase classname="tests.test_bc_release_4_6_live.TestOfflinePdfs" name="test_returns_zip_with_pdf_entries" time="0.112" /><testcase classname="tests.test_bc_release_4_6_live.TestOfflinePdfs" name="test_400_when_ledger_ids_empty" time="0.079" /><testcase classname="tests.test_bc_release_4_6_live.TestOfflinePdfs" name="test_404_when_run_not_found" time="0.082" /><testcase classname="tests.test_bc_release_4_6_live.TestOfflinePdfs" name="test_404_when_no_matching_ledger_ids" time="0.088" /><testcase classname="tests.test_bc_release_4_6_live.TestAnalyticsSubheads" name="test_analytics_returns_subheads" time="0.089" /><testcase classname="tests.test_bc_release_4_6_live.TestAnalyticsSubheads" name="test_subhead_row_carries_required_fields" time="0.082" /><testcase classname="tests.test_bc_release_4_6_live.TestPreExistingFlows" name="test_list_runs_ok" time="0.078" /><testcase classname="tests.test_bc_release_4_6_live.TestPreExistingFlows" name="test_list_ledgers_ok" time="0.120" /><testcase classname="tests.test_bc_release_4_6_live.TestPreExistingFlows" name="test_get_run_ok" time="0.078" /><testcase classname="tests.test_bc_release_4_6_live.TestPreExistingFlows" name="test_generations_endpoint_ok" time="0.430" /></testsuite></testsuites>