<?xml version="1.0" encoding="utf-8"?><testsuites name="pytest tests"><testsuite name="pytest" errors="23" failures="21" skipped="0" tests="163" time="25.940" timestamp="2026-04-28T09:04:33.549727+00:00" hostname="agent-env-70f9a72f-98f5-4d28-9480-92f1d800f413"><testcase classname="tests.test_clause44_backend.TestAuth" name="test_me_unauthenticated" time="0.351"><failure message="assert 404 == 401&#10; +  where 404 = &lt;Response [404]&gt;.status_code">tests/test_clause44_backend.py:14: in test_me_unauthenticated
    assert r.status_code == 401
E   assert 404 == 401
E    +  where 404 = &lt;Response [404]&gt;.status_code</failure></testcase><testcase classname="tests.test_clause44_backend.TestAuth" name="test_me_authenticated" time="1.847"><failure message="assert 404 == 200&#10; +  where 404 = &lt;Response [404]&gt;.status_code">tests/test_clause44_backend.py:18: in test_me_authenticated
    assert r.status_code == 200
E   assert 404 == 200
E    +  where 404 = &lt;Response [404]&gt;.status_code</failure></testcase><testcase classname="tests.test_clause44_backend.TestAuth" name="test_runs_requires_auth" time="0.146"><failure message="assert 404 == 401&#10; +  where 404 = &lt;Response [404]&gt;.status_code">tests/test_clause44_backend.py:25: in test_runs_requires_auth
    assert r.status_code == 401
E   assert 404 == 401
E    +  where 404 = &lt;Response [404]&gt;.status_code</failure></testcase><testcase classname="tests.test_clause44_backend.TestAuth" name="test_root" time="0.137"><failure message="assert 404 == 200&#10; +  where 404 = &lt;Response [404]&gt;.status_code">tests/test_clause44_backend.py:29: in test_root
    assert r.status_code == 200
E   assert 404 == 200
E    +  where 404 = &lt;Response [404]&gt;.status_code</failure></testcase><testcase classname="tests.test_clause44_backend.TestRunUpload" name="test_upload_returns_expected_structure" time="0.588"><error message="failed on setup with &quot;AssertionError: 404 page not found&#10;  &#10;assert 404 == 200&#10; +  where 404 = &lt;Response [404]&gt;.status_code&quot;">tests/test_clause44_backend.py:43: in created_run
    assert cr.status_code == 200, cr.text
E   AssertionError: 404 page not found
E     
E   assert 404 == 200
E    +  where 404 = &lt;Response [404]&gt;.status_code</error></testcase><testcase classname="tests.test_clause44_backend.TestRunUpload" name="test_list_runs_includes_created" time="0.000"><error message="failed on setup with &quot;AssertionError: 404 page not found&#10;  &#10;assert 404 == 200&#10; +  where 404 = &lt;Response [404]&gt;.status_code&quot;">tests/test_clause44_backend.py:43: in created_run
    assert cr.status_code == 200, cr.text
E   AssertionError: 404 page not found
E     
E   assert 404 == 200
E    +  where 404 = &lt;Response [404]&gt;.status_code</error></testcase><testcase classname="tests.test_clause44_backend.TestRunUpload" name="test_get_run_full_state" time="0.000"><error message="failed on setup with &quot;AssertionError: 404 page not found&#10;  &#10;assert 404 == 200&#10; +  where 404 = &lt;Response [404]&gt;.status_code&quot;">tests/test_clause44_backend.py:43: in created_run
    assert cr.status_code == 200, cr.text
E   AssertionError: 404 page not found
E     
E   assert 404 == 200
E    +  where 404 = &lt;Response [404]&gt;.status_code</error></testcase><testcase classname="tests.test_clause44_backend.TestRunUpload" name="test_runs_archived_filter" time="0.000"><error message="failed on setup with &quot;AssertionError: 404 page not found&#10;  &#10;assert 404 == 200&#10; +  where 404 = &lt;Response [404]&gt;.status_code&quot;">tests/test_clause44_backend.py:43: in created_run
    assert cr.status_code == 200, cr.text
E   AssertionError: 404 page not found
E     
E   assert 404 == 200
E    +  where 404 = &lt;Response [404]&gt;.status_code</error></testcase><testcase classname="tests.test_clause44_backend.TestGenerate" name="test_summary_has_nonzero_buckets" time="0.000"><error message="failed on setup with &quot;AssertionError: 404 page not found&#10;  &#10;assert 404 == 200&#10; +  where 404 = &lt;Response [404]&gt;.status_code&quot;">tests/test_clause44_backend.py:43: in created_run
    assert cr.status_code == 200, cr.text
E   AssertionError: 404 page not found
E     
E   assert 404 == 200
E    +  where 404 = &lt;Response [404]&gt;.status_code</error></testcase><testcase classname="tests.test_clause44_backend.TestGenerate" name="test_summary_arithmetic" time="0.000"><error message="failed on setup with &quot;AssertionError: 404 page not found&#10;  &#10;assert 404 == 200&#10; +  where 404 = &lt;Response [404]&gt;.status_code&quot;">tests/test_clause44_backend.py:43: in created_run
    assert cr.status_code == 200, cr.text
E   AssertionError: 404 page not found
E     
E   assert 404 == 200
E    +  where 404 = &lt;Response [404]&gt;.status_code</error></testcase><testcase classname="tests.test_clause44_backend.TestGenerate" name="test_by_ledger_present" time="0.000"><error message="failed on setup with &quot;AssertionError: 404 page not found&#10;  &#10;assert 404 == 200&#10; +  where 404 = &lt;Response [404]&gt;.status_code&quot;">tests/test_clause44_backend.py:43: in created_run
    assert cr.status_code == 200, cr.text
E   AssertionError: 404 page not found
E     
E   assert 404 == 200
E    +  where 404 = &lt;Response [404]&gt;.status_code</error></testcase><testcase classname="tests.test_clause44_backend.TestTransactions" name="test_col5_filter" time="0.000"><error message="failed on setup with &quot;AssertionError: 404 page not found&#10;  &#10;assert 404 == 200&#10; +  where 404 = &lt;Response [404]&gt;.status_code&quot;">tests/test_clause44_backend.py:43: in created_run
    assert cr.status_code == 200, cr.text
E   AssertionError: 404 page not found
E     
E   assert 404 == 200
E    +  where 404 = &lt;Response [404]&gt;.status_code</error></testcase><testcase classname="tests.test_clause44_backend.TestTransactions" name="test_col6_returns_3_4_5" time="0.000"><error message="failed on setup with &quot;AssertionError: 404 page not found&#10;  &#10;assert 404 == 200&#10; +  where 404 = &lt;Response [404]&gt;.status_code&quot;">tests/test_clause44_backend.py:43: in created_run
    assert cr.status_code == 200, cr.text
E   AssertionError: 404 page not found
E     
E   assert 404 == 200
E    +  where 404 = &lt;Response [404]&gt;.status_code</error></testcase><testcase classname="tests.test_clause44_backend.TestTransactions" name="test_all_bucket" time="0.000"><error message="failed on setup with &quot;AssertionError: 404 page not found&#10;  &#10;assert 404 == 200&#10; +  where 404 = &lt;Response [404]&gt;.status_code&quot;">tests/test_clause44_backend.py:43: in created_run
    assert cr.status_code == 200, cr.text
E   AssertionError: 404 page not found
E     
E   assert 404 == 200
E    +  where 404 = &lt;Response [404]&gt;.status_code</error></testcase><testcase classname="tests.test_clause44_backend.TestTransactions" name="test_ledger_filter" time="0.000"><error message="failed on setup with &quot;AssertionError: 404 page not found&#10;  &#10;assert 404 == 200&#10; +  where 404 = &lt;Response [404]&gt;.status_code&quot;">tests/test_clause44_backend.py:43: in created_run
    assert cr.status_code == 200, cr.text
E   AssertionError: 404 page not found
E     
E   assert 404 == 200
E    +  where 404 = &lt;Response [404]&gt;.status_code</error></testcase><testcase classname="tests.test_clause44_backend.TestExport" name="test_export_xlsx" time="0.000"><error message="failed on setup with &quot;AssertionError: 404 page not found&#10;  &#10;assert 404 == 200&#10; +  where 404 = &lt;Response [404]&gt;.status_code&quot;">tests/test_clause44_backend.py:43: in created_run
    assert cr.status_code == 200, cr.text
E   AssertionError: 404 page not found
E     
E   assert 404 == 200
E    +  where 404 = &lt;Response [404]&gt;.status_code</error></testcase><testcase classname="tests.test_clause44_backend.TestArchive" name="test_archive_toggles" time="0.000"><error message="failed on setup with &quot;AssertionError: 404 page not found&#10;  &#10;assert 404 == 200&#10; +  where 404 = &lt;Response [404]&gt;.status_code&quot;">tests/test_clause44_backend.py:43: in created_run
    assert cr.status_code == 200, cr.text
E   AssertionError: 404 page not found
E     
E   assert 404 == 200
E    +  where 404 = &lt;Response [404]&gt;.status_code</error></testcase><testcase classname="tests.test_gst_recon_phase_c3" name="test_gstr1_b2b_sum" time="0.000" /><testcase classname="tests.test_gst_recon_phase_c3" name="test_gstr1_cdnr_credit_subtracts" time="0.000" /><testcase classname="tests.test_gst_recon_phase_c3" name="test_gstr1_invalid_json_returns_empty" time="0.000" /><testcase classname="tests.test_gst_recon_phase_c3" name="test_gstr2b_itcsumm_path" time="0.000" /><testcase classname="tests.test_gst_recon_phase_c3" name="test_gstr2b_fallback_invoices_when_no_itcsumm" time="0.000" /><testcase classname="tests.test_gst_recon_phase_c3" name="test_books_outward_excludes_party_ledger" time="0.000" /><testcase classname="tests.test_gst_recon_phase_c3" name="test_books_groups_by_month" time="0.000" /><testcase classname="tests.test_gst_recon_phase_c3" name="test_summary_returns_12_rows_in_fy_order" time="0.000" /><testcase classname="tests.test_gst_recon_phase_c3" name="test_summary_apr_aggregates_correctly" time="0.000" /><testcase classname="tests.test_gst_recon_phase_c3" name="test_summary_variance_columns" time="0.000" /><testcase classname="tests.test_gst_recon_phase_c3" name="test_summary_annual_totals" time="0.000" /><testcase classname="tests.test_gst_recon_phase_c3" name="test_summary_handles_empty_run" time="0.000" /><testcase classname="tests.test_gst_recon_phase_c_e2e" name="test_auth_required" time="0.125" /><testcase classname="tests.test_gst_recon_phase_c_e2e" name="test_auth_me_works" time="0.108" /><testcase classname="tests.test_gst_recon_phase_c_e2e" name="test_create_run_persisted" time="0.098" /><testcase classname="tests.test_gst_recon_phase_c_e2e" name="test_list_runs_filtered_by_client" time="0.048" /><testcase classname="tests.test_gst_recon_phase_c_e2e" name="test_upload_mapping_populates_rules_and_unmapped" time="0.059" /><testcase classname="tests.test_gst_recon_phase_c_e2e" name="test_upload_gstr1_persists_r1_outward" time="0.048" /><testcase classname="tests.test_gst_recon_phase_c_e2e" name="test_upload_gstr2b_persists_r2b_itc" time="0.047" /><testcase classname="tests.test_gst_recon_phase_c_e2e" name="test_upload_gstr3b_pdf_persists_table_keys" time="0.065" /><testcase classname="tests.test_gst_recon_phase_c_e2e" name="test_upload_books_persists_books_per_month" time="0.048" /><testcase classname="tests.test_gst_recon_phase_c_e2e" name="test_books_without_mapping_yields_empty_per_month" time="0.140" /><testcase classname="tests.test_gst_recon_phase_c_e2e" name="test_books_first_then_mapping_auto_reprocesses" time="0.209" /><testcase classname="tests.test_gst_recon_phase_c_e2e" name="test_validate_endpoint" time="0.093" /><testcase classname="tests.test_gst_recon_phase_c_e2e" name="test_summary_shape_and_math" time="0.046" /><testcase classname="tests.test_gst_recon_phase_c_e2e" name="test_summary_persisted_status_summarized" time="0.001" /><testcase classname="tests.test_gst_recon_phase_c_e2e" name="test_empty_run_summary_zero_rows" time="0.141" /><testcase classname="tests.test_gst_recon_phase_c_e2e" name="test_clients_endpoint_has_seeded_client" time="0.046" /><testcase classname="tests.test_gst_recon_phase_c_e2e" name="test_clause44_runs_endpoint_reachable" time="0.094" /><testcase classname="tests.test_gst_recon_phase_d" name="test_norm_inv_no_strips_non_alnum_and_uppercases" time="0.000" /><testcase classname="tests.test_gst_recon_phase_d" name="test_to_iso_date_handles_dd_mm_yyyy_and_iso" time="0.000" /><testcase classname="tests.test_gst_recon_phase_d" name="test_books_extractor_only_emits_party_gstin_b2b" time="0.000" /><testcase classname="tests.test_gst_recon_phase_d" name="test_books_extractor_purchase_inward" time="0.000" /><testcase classname="tests.test_gst_recon_phase_d" name="test_gstr1_extractor_walks_b2b_invoices" time="0.000" /><testcase classname="tests.test_gst_recon_phase_d" name="test_gstr2b_extractor_walks_docdata_b2b" time="0.000" /><testcase classname="tests.test_gst_recon_phase_d" name="test_match_exact" time="0.006" /><testcase classname="tests.test_gst_recon_phase_d" name="test_match_value_mismatch" time="0.000" /><testcase classname="tests.test_gst_recon_phase_d" name="test_match_date_mismatch" time="0.000" /><testcase classname="tests.test_gst_recon_phase_d" name="test_match_missing_in_portal_when_books_only" time="0.000" /><testcase classname="tests.test_gst_recon_phase_d" name="test_match_missing_in_books_when_portal_only" time="0.000" /><testcase classname="tests.test_gst_recon_phase_d" name="test_match_fuzzy_close_invoice_numbers" time="0.000" /><testcase classname="tests.test_gst_recon_phase_d" name="test_match_fuzzy_typo_one_char" time="0.000" /><testcase classname="tests.test_gst_recon_phase_d" name="test_match_does_not_cross_gstin_boundary" time="0.000" /><testcase classname="tests.test_gst_recon_phase_d" name="test_match_value_tolerance_under_1_rupee_passes" time="0.000" /><testcase classname="tests.test_gst_recon_phase_d" name="test_match_returns_no_internal_norm_keys" time="0.000" /><testcase classname="tests.test_gst_recon_phase_d_e2e.TestMatchEndpointGates" name="test_match_requires_auth" time="0.311" /><testcase classname="tests.test_gst_recon_phase_d_e2e.TestMatchEndpointGates" name="test_match_404_for_unknown_run" time="0.106" /><testcase classname="tests.test_gst_recon_phase_d_e2e.TestMatchEndpointGates" name="test_match_400_for_bad_direction" time="0.334" /><testcase classname="tests.test_gst_recon_phase_d_e2e.TestMatchEndpointGates" name="test_match_400_for_bad_period" time="0.321" /><testcase classname="tests.test_gst_recon_phase_d_e2e.TestInvoicePersistence" name="test_books_b2c_voucher_skipped" time="0.472" /><testcase classname="tests.test_gst_recon_phase_d_e2e.TestInvoicePersistence" name="test_gstr1_reupload_replaces_period_invoices" time="0.481" /><testcase classname="tests.test_gst_recon_phase_d_e2e.TestInvoicePersistence" name="test_run_delete_cascades_invoices_and_books_raw" time="0.565" /><testcase classname="tests.test_gst_recon_phase_d_e2e.TestMatchScenarios" name="test_matched_missing_portal_missing_books" time="0.555" /><testcase classname="tests.test_gst_recon_phase_d_e2e.TestMatchScenarios" name="test_value_mismatch" time="0.585" /><testcase classname="tests.test_gst_recon_phase_d_e2e.TestMatchScenarios" name="test_date_mismatch" time="0.554" /><testcase classname="tests.test_gst_recon_phase_d_e2e.TestMatchScenarios" name="test_fuzzy_match_one_char_typo" time="0.554" /><testcase classname="tests.test_gst_recon_phase_d_e2e.TestMatchScenarios" name="test_cross_gstin_safety" time="0.573" /><testcase classname="tests.test_gst_recon_phase_d_e2e.TestMatchScenarios" name="test_inward_uses_gstr2b" time="0.649" /><testcase classname="tests.test_gst_recon_phase_d_e2e.TestSchemas" name="test_runout_summary_field_round_trips" time="0.430" /><testcase classname="tests.test_gst_recon_phase_d_e2e.TestSchemas" name="test_runout_carries_mapping_rules_after_mapping_upload" time="0.440" /><testcase classname="tests.test_iteration2_clients_recon.TestClientsCRUD" name="test_create_single_client" time="0.125"><failure message="AssertionError: 404 page not found&#10;  &#10;assert 404 == 200&#10; +  where 404 = &lt;Response [404]&gt;.status_code">tests/test_iteration2_clients_recon.py:17: in test_create_single_client
    assert r.status_code == 200, r.text
E   AssertionError: 404 page not found
E     
E   assert 404 == 200
E    +  where 404 = &lt;Response [404]&gt;.status_code</failure></testcase><testcase classname="tests.test_iteration2_clients_recon.TestClientsCRUD" name="test_create_multi_client" time="0.142"><failure message="AssertionError: 404 page not found&#10;  &#10;assert 404 == 200&#10; +  where 404 = &lt;Response [404]&gt;.status_code">tests/test_iteration2_clients_recon.py:40: in test_create_multi_client
    assert r.status_code == 200, r.text
E   AssertionError: 404 page not found
E     
E   assert 404 == 200
E    +  where 404 = &lt;Response [404]&gt;.status_code</failure></testcase><testcase classname="tests.test_iteration2_clients_recon.TestClientsCRUD" name="test_create_multi_without_divisions_returns_400" time="0.139"><failure message="AssertionError: 404 page not found&#10;  &#10;assert 404 == 400&#10; +  where 404 = &lt;Response [404]&gt;.status_code">tests/test_iteration2_clients_recon.py:55: in test_create_multi_without_divisions_returns_400
    assert r.status_code == 400, r.text
E   AssertionError: 404 page not found
E     
E   assert 404 == 400
E    +  where 404 = &lt;Response [404]&gt;.status_code</failure></testcase><testcase classname="tests.test_iteration2_clients_recon.TestClientsCRUD" name="test_list_clients" time="0.104"><failure message="assert 404 == 200&#10; +  where 404 = &lt;Response [404]&gt;.status_code">tests/test_iteration2_clients_recon.py:59: in test_list_clients
    assert r.status_code == 200
E   assert 404 == 200
E    +  where 404 = &lt;Response [404]&gt;.status_code</failure></testcase><testcase classname="tests.test_iteration2_clients_recon.TestClientsCRUD" name="test_archived_filter" time="0.135"><failure message="assert 404 == 200&#10; +  where 404 = &lt;Response [404]&gt;.status_code">tests/test_iteration2_clients_recon.py:67: in test_archived_filter
    assert r.status_code == 200
E   assert 404 == 200
E    +  where 404 = &lt;Response [404]&gt;.status_code</failure></testcase><testcase classname="tests.test_iteration2_clients_recon.TestClientsCRUD" name="test_patch_add_division_to_single_rejected" time="0.105"><failure message="requests.exceptions.JSONDecodeError: Extra data: line 1 column 5 (char 4)">/root/.venv/lib/python3.11/site-packages/requests/models.py:978: in json
    return complexjson.loads(self.text, **kwargs)
           ^^^^^^^^^^^^^^^^^^^^^^^^^^^^^^^^^^^^^^
/usr/local/lib/python3.11/json/__init__.py:346: in loads
    return _default_decoder.decode(s)
           ^^^^^^^^^^^^^^^^^^^^^^^^^^
/usr/local/lib/python3.11/json/decoder.py:340: in decode
    raise JSONDecodeError("Extra data", s, end)
E   json.decoder.JSONDecodeError: Extra data: line 1 column 5 (char 4)

During handling of the above exception, another exception occurred:
tests/test_iteration2_clients_recon.py:74: in test_patch_add_division_to_single_rejected
    single = next(c for c in r.json()["clients"] if c["name"] == "TEST_Single_Co")
                             ^^^^^^^^
/root/.venv/lib/python3.11/site-packages/requests/models.py:982: in json
    raise RequestsJSONDecodeError(e.msg, e.doc, e.pos)
E   requests.exceptions.JSONDecodeError: Extra data: line 1 column 5 (char 4)</failure></testcase><testcase classname="tests.test_iteration2_clients_recon.TestClientsCRUD" name="test_patch_add_division_to_multi" time="0.109"><failure message="requests.exceptions.JSONDecodeError: Extra data: line 1 column 5 (char 4)">/root/.venv/lib/python3.11/site-packages/requests/models.py:978: in json
    return complexjson.loads(self.text, **kwargs)
           ^^^^^^^^^^^^^^^^^^^^^^^^^^^^^^^^^^^^^^
/usr/local/lib/python3.11/json/__init__.py:346: in loads
    return _default_decoder.decode(s)
           ^^^^^^^^^^^^^^^^^^^^^^^^^^
/usr/local/lib/python3.11/json/decoder.py:340: in decode
    raise JSONDecodeError("Extra data", s, end)
E   json.decoder.JSONDecodeError: Extra data: line 1 column 5 (char 4)

During handling of the above exception, another exception occurred:
tests/test_iteration2_clients_recon.py:84: in test_patch_add_division_to_multi
    multi = next(c for c in r.json()["clients"] if c["name"] == "TEST_Multi_Co")
                            ^^^^^^^^
/root/.venv/lib/python3.11/site-packages/requests/models.py:982: in json
    raise RequestsJSONDecodeError(e.msg, e.doc, e.pos)
E   requests.exceptions.JSONDecodeError: Extra data: line 1 column 5 (char 4)</failure></testcase><testcase classname="tests.test_iteration2_clients_recon.TestRunRequiresClient" name="test_run_without_client_id_fails" time="0.218"><failure message="assert 404 in (400, 422)&#10; +  where 404 = &lt;Response [404]&gt;.status_code">tests/test_iteration2_clients_recon.py:145: in test_run_without_client_id_fails
    assert r.status_code in (400, 422)
E   assert 404 in (400, 422)
E    +  where 404 = &lt;Response [404]&gt;.status_code</failure></testcase><testcase classname="tests.test_iteration2_clients_recon.TestRunRequiresClient" name="test_run_multi_without_division_fails" time="0.101"><error message="failed on setup with &quot;AssertionError: 404 page not found&#10;  &#10;assert 404 == 200&#10; +  where 404 = &lt;Response [404]&gt;.status_code&quot;">tests/test_iteration2_clients_recon.py:119: in multi_client
    assert r.status_code == 200, r.text
E   AssertionError: 404 page not found
E     
E   assert 404 == 200
E    +  where 404 = &lt;Response [404]&gt;.status_code</error></testcase><testcase classname="tests.test_iteration2_clients_recon.TestSingleRecon" name="test_recon_present" time="0.103"><error message="failed on setup with &quot;AssertionError: 404 page not found&#10;  &#10;assert 404 == 200&#10; +  where 404 = &lt;Response [404]&gt;.status_code&quot;">tests/test_iteration2_clients_recon.py:103: in single_client
    assert r.status_code == 200, r.text
E   AssertionError: 404 page not found
E     
E   assert 404 == 200
E    +  where 404 = &lt;Response [404]&gt;.status_code</error></testcase><testcase classname="tests.test_iteration2_clients_recon.TestSingleRecon" name="test_recon_balance_equals_col2_total" time="0.000"><error message="failed on setup with &quot;AssertionError: 404 page not found&#10;  &#10;assert 404 == 200&#10; +  where 404 = &lt;Response [404]&gt;.status_code&quot;">tests/test_iteration2_clients_recon.py:103: in single_client
    assert r.status_code == 200, r.text
E   AssertionError: 404 page not found
E     
E   assert 404 == 200
E    +  where 404 = &lt;Response [404]&gt;.status_code</error></testcase><testcase classname="tests.test_iteration2_clients_recon.TestSingleRecon" name="test_recon_arithmetic" time="0.000"><error message="failed on setup with &quot;AssertionError: 404 page not found&#10;  &#10;assert 404 == 200&#10; +  where 404 = &lt;Response [404]&gt;.status_code&quot;">tests/test_iteration2_clients_recon.py:103: in single_client
    assert r.status_code == 200, r.text
E   AssertionError: 404 page not found
E     
E   assert 404 == 200
E    +  where 404 = &lt;Response [404]&gt;.status_code</error></testcase><testcase classname="tests.test_iteration2_clients_recon.TestSingleRecon" name="test_get_run_returns_recon_and_client" time="0.000"><error message="failed on setup with &quot;AssertionError: 404 page not found&#10;  &#10;assert 404 == 200&#10; +  where 404 = &lt;Response [404]&gt;.status_code&quot;">tests/test_iteration2_clients_recon.py:103: in single_client
    assert r.status_code == 200, r.text
E   AssertionError: 404 page not found
E     
E   assert 404 == 200
E    +  where 404 = &lt;Response [404]&gt;.status_code</error></testcase><testcase classname="tests.test_iteration2_clients_recon.TestSingleRecon" name="test_runs_filter_by_client_period" time="0.000"><error message="failed on setup with &quot;AssertionError: 404 page not found&#10;  &#10;assert 404 == 200&#10; +  where 404 = &lt;Response [404]&gt;.status_code&quot;">tests/test_iteration2_clients_recon.py:103: in single_client
    assert r.status_code == 200, r.text
E   AssertionError: 404 page not found
E     
E   assert 404 == 200
E    +  where 404 = &lt;Response [404]&gt;.status_code</error></testcase><testcase classname="tests.test_iteration2_clients_recon.TestSingleRecon" name="test_export_xlsx_has_recon_sheet" time="0.000"><error message="failed on setup with &quot;AssertionError: 404 page not found&#10;  &#10;assert 404 == 200&#10; +  where 404 = &lt;Response [404]&gt;.status_code&quot;">tests/test_iteration2_clients_recon.py:103: in single_client
    assert r.status_code == 200, r.text
E   AssertionError: 404 page not found
E     
E   assert 404 == 200
E    +  where 404 = &lt;Response [404]&gt;.status_code</error></testcase><testcase classname="tests.test_iteration2_clients_recon.TestConsolidated" name="test_consolidated_endpoint" time="0.000"><error message="failed on setup with &quot;AssertionError: 404 page not found&#10;  &#10;assert 404 == 200&#10; +  where 404 = &lt;Response [404]&gt;.status_code&quot;">tests/test_iteration2_clients_recon.py:119: in multi_client
    assert r.status_code == 200, r.text
E   AssertionError: 404 page not found
E     
E   assert 404 == 200
E    +  where 404 = &lt;Response [404]&gt;.status_code</error></testcase><testcase classname="tests.test_iteration2_clients_recon.TestConsolidated" name="test_consolidated_export" time="0.000"><error message="failed on setup with &quot;AssertionError: 404 page not found&#10;  &#10;assert 404 == 200&#10; +  where 404 = &lt;Response [404]&gt;.status_code&quot;">tests/test_iteration2_clients_recon.py:119: in multi_client
    assert r.status_code == 200, r.text
E   AssertionError: 404 page not found
E     
E   assert 404 == 200
E    +  where 404 = &lt;Response [404]&gt;.status_code</error></testcase><testcase classname="tests.test_iteration2_clients_recon.TestConsolidated" name="test_consolidated_404_for_unknown_period" time="0.000"><error message="failed on setup with &quot;AssertionError: 404 page not found&#10;  &#10;assert 404 == 200&#10; +  where 404 = &lt;Response [404]&gt;.status_code&quot;">tests/test_iteration2_clients_recon.py:119: in multi_client
    assert r.status_code == 200, r.text
E   AssertionError: 404 page not found
E     
E   assert 404 == 200
E    +  where 404 = &lt;Response [404]&gt;.status_code</error></testcase><testcase classname="tests.test_iteration4_modules_archive_period.TestModuleSplit" name="test_modules_importable" time="0.001"><failure message="ModuleNotFoundError: No module named 'db'">tests/test_iteration4_modules_archive_period.py:31: in test_modules_importable
    m = importlib.import_module(mod)
        ^^^^^^^^^^^^^^^^^^^^^^^^^^^^
/usr/local/lib/python3.11/importlib/__init__.py:126: in import_module
    return _bootstrap._gcd_import(name[level:], package, level)
           ^^^^^^^^^^^^^^^^^^^^^^^^^^^^^^^^^^^^^^^^^^^^^^^^^^^^
&lt;frozen importlib._bootstrap&gt;:1204: in _gcd_import
    ???
&lt;frozen importlib._bootstrap&gt;:1176: in _find_and_load
    ???
&lt;frozen importlib._bootstrap&gt;:1140: in _find_and_load_unlocked
    ???
E   ModuleNotFoundError: No module named 'db'</failure></testcase><testcase classname="tests.test_iteration4_modules_archive_period.TestModuleSplit" name="test_engine_period_regex" time="0.000"><failure message="ModuleNotFoundError: No module named 'engine'">tests/test_iteration4_modules_archive_period.py:35: in test_engine_period_regex
    from engine import is_valid_period
E   ModuleNotFoundError: No module named 'engine'</failure></testcase><testcase classname="tests.test_iteration4_modules_archive_period.TestModuleSplit" name="test_routes_registered" time="0.217" /><testcase classname="tests.test_iteration4_modules_archive_period.TestDuplicateFileNumber" name="test_duplicate_same_user_returns_409" time="0.174" /><testcase classname="tests.test_iteration4_modules_archive_period.TestDuplicateFileNumber" name="test_same_file_number_different_user_now_blocked" time="0.581" /><testcase classname="tests.test_iteration4_modules_archive_period.TestRunPeriodValidation" name="test_period_banana_rejected" time="0.231" /><testcase classname="tests.test_iteration4_modules_archive_period.TestRunPeriodValidation" name="test_period_formats_accepted[2023-24]" time="0.232" /><testcase classname="tests.test_iteration4_modules_archive_period.TestRunPeriodValidation" name="test_period_formats_accepted[FY 2023-24]" time="0.188" /><testcase classname="tests.test_iteration4_modules_archive_period.TestRunPeriodValidation" name="test_period_formats_accepted[FY2023-24]" time="0.163" /><testcase classname="tests.test_iteration4_modules_archive_period.TestRunPeriodValidation" name="test_period_formats_accepted[Q1 2023-24]" time="0.162" /><testcase classname="tests.test_iteration4_modules_archive_period.TestRunPeriodValidation" name="test_period_formats_accepted[H1 2024-25]" time="0.170" /><testcase classname="tests.test_iteration4_modules_archive_period.TestArchiveFlow" name="test_archive_then_restore" time="0.315" /><testcase classname="tests.test_iteration4_modules_archive_period.TestDivisionDedup" name="test_add_divisions_case_insensitive_no_dup" time="0.105" /><testcase classname="tests.test_iteration5_admin_users.TestSuperAdminBootstrap" name="test_super_admin_user_exists" time="0.366" /><testcase classname="tests.test_iteration5_admin_users.TestSuperAdminBootstrap" name="test_auth_me_returns_role_super_admin" time="0.549" /><testcase classname="tests.test_iteration5_admin_users.TestSuperAdminBootstrap" name="test_auth_me_returns_role_for_regular_user" time="0.502" /><testcase classname="tests.test_iteration5_admin_users.TestAdminRBAC" name="test_non_admin_cannot_invite" time="0.105" /><testcase classname="tests.test_iteration5_admin_users.TestAdminRBAC" name="test_non_admin_cannot_list" time="0.103" /><testcase classname="tests.test_iteration5_admin_users.TestAdminRBAC" name="test_unauthenticated_cannot_list" time="0.104" /><testcase classname="tests.test_iteration5_admin_users.TestInvitations" name="test_invite_new_email_creates_pending" time="0.106" /><testcase classname="tests.test_iteration5_admin_users.TestInvitations" name="test_list_shows_invitation" time="0.106" /><testcase classname="tests.test_iteration5_admin_users.TestInvitations" name="test_invite_again_updates_role" time="0.104" /><testcase classname="tests.test_iteration5_admin_users.TestInvitations" name="test_cancel_invitation" time="0.202" /><testcase classname="tests.test_iteration5_admin_users.TestInvitations" name="test_cannot_invite_super_admin_email" time="0.112" /><testcase classname="tests.test_iteration5_admin_users.TestInvitations" name="test_invite_invalid_role_rejected" time="0.136" /><testcase classname="tests.test_iteration5_admin_users.TestRoleManagement" name="test_invite_existing_member_updates_role" time="0.217" /><testcase classname="tests.test_iteration5_admin_users.TestRoleManagement" name="test_patch_role_via_user_id" time="0.105" /><testcase classname="tests.test_iteration5_admin_users.TestRoleManagement" name="test_patch_super_admin_role_blocked" time="0.103" /><testcase classname="tests.test_iteration5_admin_users.TestRoleManagement" name="test_delete_super_admin_blocked" time="0.105" /><testcase classname="tests.test_iteration5_admin_users.TestRoleManagement" name="test_delete_user_removes_sessions" time="0.621" /><testcase classname="tests.test_iteration5_admin_users.TestWhitelistGating" name="test_unknown_email_rejected_403" time="0.000"><failure message="Failed: async def functions are not natively supported.&#10;You need to install a suitable plugin for your async framework, for example:&#10;  - anyio&#10;  - pytest-asyncio&#10;  - pytest-tornasync&#10;  - pytest-trio&#10;  - pytest-twisted">async def functions are not natively supported.
You need to install a suitable plugin for your async framework, for example:
  - anyio
  - pytest-asyncio
  - pytest-tornasync
  - pytest-trio
  - pytest-twisted</failure></testcase><testcase classname="tests.test_iteration5_admin_users.TestWhitelistGating" name="test_invitation_holder_admitted" time="0.000"><failure message="Failed: async def functions are not natively supported.&#10;You need to install a suitable plugin for your async framework, for example:&#10;  - anyio&#10;  - pytest-asyncio&#10;  - pytest-tornasync&#10;  - pytest-trio&#10;  - pytest-twisted">async def functions are not natively supported.
You need to install a suitable plugin for your async framework, for example:
  - anyio
  - pytest-asyncio
  - pytest-tornasync
  - pytest-trio
  - pytest-twisted</failure></testcase><testcase classname="tests.test_iteration5_admin_users.TestUniqueIndexes" name="test_users_email_unique" time="0.381" /><testcase classname="tests.test_iteration5_admin_users.TestUniqueIndexes" name="test_invitations_email_unique" time="0.811" /><testcase classname="tests.test_iteration6_workspace_shared.TestImports" name="test_email_module_imports" time="0.000"><failure message="ModuleNotFoundError: No module named 'email_module'">tests/test_iteration6_workspace_shared.py:67: in test_email_module_imports
    from email_module import send_invite_email
E   ModuleNotFoundError: No module named 'email_module'</failure></testcase><testcase classname="tests.test_iteration6_workspace_shared.TestImports" name="test_resend_imports" time="0.000"><failure message="ModuleNotFoundError: No module named 'resend'">tests/test_iteration6_workspace_shared.py:71: in test_resend_imports
    import resend
E   ModuleNotFoundError: No module named 'resend'</failure></testcase><testcase classname="tests.test_iteration6_workspace_shared.TestWorkspaceSharedClients" name="test_user_b_sees_client_created_by_user_a" time="1.255" /><testcase classname="tests.test_iteration6_workspace_shared.TestWorkspaceSharedClients" name="test_abc_textile_mills_visible_to_both" time="0.211" /><testcase classname="tests.test_iteration6_workspace_shared.TestWorkspaceSharedClients" name="test_global_unique_file_number" time="0.219" /><testcase classname="tests.test_iteration6_workspace_shared.TestWorkspaceSharedRuns" name="test_user_b_sees_and_reads_run" time="0.614" /><testcase classname="tests.test_iteration6_workspace_shared.TestWorkspaceSharedRuns" name="test_user_b_can_generate_run_created_by_a" time="0.260" /><testcase classname="tests.test_iteration6_workspace_shared.TestWorkspaceSharedRuns" name="test_user_b_can_archive_run" time="0.227" /><testcase classname="tests.test_iteration6_workspace_shared.TestWorkspaceSharedRuns" name="test_user_b_can_export_generated_run" time="0.174" /><testcase classname="tests.test_iteration6_workspace_shared.TestWorkspaceSharedRuns" name="test_transactions_endpoint_no_deprecation_warning" time="0.121"><failure message="ModuleNotFoundError: No module named 'runs_module'">tests/test_iteration6_workspace_shared.py:195: in test_transactions_endpoint_no_deprecation_warning
    from runs_module import get_transactions  # noqa
    ^^^^^^^^^^^^^^^^^^^^^^^^^^^^^^^^^^^^^^^^
E   ModuleNotFoundError: No module named 'runs_module'</failure></testcase><testcase classname="tests.test_iteration6_workspace_shared.TestAdminInviteEmailGating" name="test_invite_returns_email_sent_false_when_no_resend_key" time="0.116"><failure message="AssertionError: {&quot;detail&quot;:&quot;Invalid session&quot;}&#10;assert 401 == 200&#10; +  where 401 = &lt;Response [401]&gt;.status_code">tests/test_iteration6_workspace_shared.py:210: in test_invite_returns_email_sent_false_when_no_resend_key
    assert r.status_code == 200, r.text
E   AssertionError: {"detail":"Invalid session"}
E   assert 401 == 200
E    +  where 401 = &lt;Response [401]&gt;.status_code</failure></testcase><testcase classname="tests.test_iteration6_workspace_shared.TestAdminInviteEmailGating" name="test_send_invite_email_returns_false_when_unset" time="0.405"><failure message="ModuleNotFoundError: No module named 'email_module'">tests/test_iteration6_workspace_shared.py:224: in test_send_invite_email_returns_false_when_unset
    from email_module import send_invite_email
E   ModuleNotFoundError: No module named 'email_module'</failure></testcase><testcase classname="tests.test_merged_backend" name="test_root" time="0.161" /><testcase classname="tests.test_merged_backend" name="test_auth_me_ok" time="0.045" /><testcase classname="tests.test_merged_backend" name="test_auth_me_no_cookie" time="0.107" /><testcase classname="tests.test_merged_backend" name="test_msme_sessions_requires_auth" time="0.101" /><testcase classname="tests.test_merged_backend" name="test_client_create" time="0.047" /><testcase classname="tests.test_merged_backend" name="test_client_list" time="0.049" /><testcase classname="tests.test_merged_backend" name="test_client_get" time="0.046" /><testcase classname="tests.test_merged_backend" name="test_client_update" time="0.045" /><testcase classname="tests.test_merged_backend" name="test_clause44_runs" time="0.047" /><testcase classname="tests.test_merged_backend" name="test_msme_session_requires_client" time="0.054" /><testcase classname="tests.test_merged_backend" name="test_msme_create_session" time="0.054" /><testcase classname="tests.test_merged_backend" name="test_msme_list_sessions_filter" time="0.045" /><testcase classname="tests.test_merged_backend" name="test_msme_upload_yearend" time="0.069" /><testcase classname="tests.test_merged_backend" name="test_msme_upload_profiles" time="0.052" /><testcase classname="tests.test_merged_backend" name="test_msme_upload_payments" time="0.049" /><testcase classname="tests.test_merged_backend" name="test_msme_compute" time="0.048" /><testcase classname="tests.test_merged_backend" name="test_msme_compute_force_fifo_label" time="0.046" /><testcase classname="tests.test_merged_backend" name="test_msme_results" time="0.052" /><testcase classname="tests.test_merged_backend" name="test_msme_export" time="0.110" /><testcase classname="tests.test_merged_backend" name="test_msme_template" time="0.063" /><testcase classname="tests.test_merged_backend" name="test_zz_cleanup_session" time="0.140" /><testcase classname="tests.test_merged_backend" name="test_zz_cleanup_client" time="0.087" /></testsuite></testsuites>