<?xml version="1.0" encoding="utf-8"?><testsuites name="pytest tests"><testsuite name="pytest" errors="0" failures="0" skipped="0" tests="37" time="1.675" timestamp="2026-05-04T12:44:52.708590+00:00" hostname="agent-env-70f9a72f-98f5-4d28-9480-92f1d800f413"><testcase classname="tests.test_clause44_release1_live.TestPatchSelections" name="test_patch_accepts_new_fields" time="0.234" /><testcase classname="tests.test_clause44_release1_live.TestPatchSelections" name="test_patch_persists_to_get" time="0.108" /><testcase classname="tests.test_clause44_release1_live.TestPatchSelections" name="test_patch_partial_update" time="0.127" /><testcase classname="tests.test_clause44_release1_live.TestGenerateAndReclassify" name="test_generate_with_itc_inference_on" time="0.118" /><testcase classname="tests.test_clause44_release1_live.TestGenerateAndReclassify" name="test_get_silent_reclassify_with_inference_off" time="0.122" /><testcase classname="tests.test_clause44_release1_live.TestGenerateAndReclassify" name="test_get_silent_reclassify_with_inference_on" time="0.125" /><testcase classname="tests.test_clause44_release1_live.TestGenerateAndReclassify" name="test_disclaimer_default_present_when_unset" time="0.062" /><testcase classname="tests.test_clause44_release1_live.TestExcelExport" name="test_six_sheets" time="0.196" /><testcase classname="tests.test_clause44_release1_live.TestExcelExport" name="test_recon_sheet_present" time="0.000" /><testcase classname="tests.test_clause44_release1_live.TestExcelExport" name="test_recon_arithmetic_in_workbook" time="0.000" /><testcase classname="tests.test_clause44_release1.TestCascade" name="test_registered_vendor_with_itc_ledger_lands_in_col5" time="0.000" /><testcase classname="tests.test_clause44_release1.TestCascade" name="test_registered_vendor_without_itc_with_inference_goes_to_col3_input_b" time="0.000" /><testcase classname="tests.test_clause44_release1.TestCascade" name="test_toggle_off_moves_registered_no_itc_to_col5" time="0.000" /><testcase classname="tests.test_clause44_release1.TestCascade" name="test_composition_always_col4" time="0.000" /><testcase classname="tests.test_clause44_release1.TestCascade" name="test_urd_goes_to_col7" time="0.000" /><testcase classname="tests.test_clause44_release1.TestCascade" name="test_rcm_voucher_type_auto_col7" time="0.000" /><testcase classname="tests.test_clause44_release1.TestCascade" name="test_foreign_supplier_goes_to_col7_with_import_flag" time="0.000" /><testcase classname="tests.test_clause44_release1.TestInputADeDupe" name="test_tagged_ledger_line_goes_col3_input_a_even_when_itc_inference_on" time="0.000" /><testcase classname="tests.test_clause44_release1.TestInputADeDupe" name="test_tagged_ledger_remains_col3_when_inference_off" time="0.000" /><testcase classname="tests.test_clause44_release1.TestRecon" name="test_auto_categoriser_routes_salary_to_sch3" time="0.000" /><testcase classname="tests.test_clause44_release1.TestRecon" name="test_auto_categoriser_routes_depreciation_to_non_cash" time="0.000" /><testcase classname="tests.test_clause44_release1.TestRecon" name="test_auto_categoriser_routes_interest_to_money" time="0.000" /><testcase classname="tests.test_clause44_release1.TestRecon" name="test_auto_categoriser_unknown_lands_other" time="0.000" /><testcase classname="tests.test_clause44_release1.TestRecon" name="test_5_line_recon_arithmetic_ties" time="0.000" /><testcase classname="tests.test_clause44_release1.TestRecon" name="test_auditor_override_moves_line_between_buckets" time="0.000" /><testcase classname="tests.test_clause44_iteration_patch.TestCompanyNameGuard" name="test_exact_match" time="0.000" /><testcase classname="tests.test_clause44_iteration_patch.TestCompanyNameGuard" name="test_suffix_variant" time="0.000" /><testcase classname="tests.test_clause44_iteration_patch.TestCompanyNameGuard" name="test_clear_mismatch_blocks" time="0.000" /><testcase classname="tests.test_clause44_iteration_patch.TestCompanyNameGuard" name="test_empty_books_name_passes" time="0.000" /><testcase classname="tests.test_clause44_iteration_patch.TestCompanyNameGuard" name="test_empty_client_name_passes" time="0.000" /><testcase classname="tests.test_clause44_iteration_patch.TestCompanyNameGuard" name="test_normalise_strips_suffixes_and_punctuation" time="0.000" /><testcase classname="tests.test_clause44_iteration_patch.TestCompanyNameGuard" name="test_extract_company_name_legacy_key" time="0.000" /><testcase classname="tests.test_clause44_iteration_patch.TestCompanyNameGuard" name="test_extract_company_name_new_key" time="0.000" /><testcase classname="tests.test_clause44_iteration_patch.TestCompanyNameGuard" name="test_extract_company_name_missing" time="0.000" /><testcase classname="tests.test_clause44_iteration_patch.TestExcelExport" name="test_workbook_has_6_sheets" time="0.028" /><testcase classname="tests.test_clause44_iteration_patch.TestExcelExport" name="test_summary_has_six_col_pivot" time="0.026" /><testcase classname="tests.test_clause44_iteration_patch.TestExcelExport" name="test_cohort_sheets_contain_only_own_bucket" time="0.026" /></testsuite></testsuites>