<?xml version="1.0" encoding="utf-8"?><testsuites name="pytest tests"><testsuite name="pytest" errors="0" failures="0" skipped="0" tests="21" time="27.701" timestamp="2026-05-05T14:39:24.351948+00:00" hostname="agent-env-70f9a72f-98f5-4d28-9480-92f1d800f413"><testcase classname="tests.test_library_phase_b_live" name="test_catalog_has_msme_output_type" time="0.623" /><testcase classname="tests.test_library_phase_b_live" name="test_party_master_template_has_7_sheets_with_dvs" time="1.147" /><testcase classname="tests.test_library_phase_b_live" name="test_upload_output_file_type_rejected" time="0.123" /><testcase classname="tests.test_library_phase_b_live" name="test_status_includes_output_chip_before_compute" time="0.150" /><testcase classname="tests.test_library_phase_b_live" name="test_bc_upload_books_saves_to_library_and_pins" time="0.966" /><testcase classname="tests.test_library_phase_b_live" name="test_bc_rerun_repins_to_current_books" time="0.379" /><testcase classname="tests.test_library_phase_b_live" name="test_fa_ingest_books_saves_to_library" time="0.767" /><testcase classname="tests.test_library_phase_b_live" name="test_gst_recon_library_integration" time="0.916" /><testcase classname="tests.test_library_phase_b_live" name="test_fs_get_run_returns_library_status" time="0.253" /><testcase classname="tests.test_library_phase_b_live" name="test_msme_compute_persists_creditor_report_to_library" time="2.992" /><testcase classname="tests.test_library_phase_a_live" name="test_catalog_returns_14_file_types" time="2.198" /><testcase classname="tests.test_library_phase_a_live" name="test_status_initially_all_missing" time="0.997" /><testcase classname="tests.test_library_phase_a_live" name="test_upload_books_json_v1" time="2.056" /><testcase classname="tests.test_library_phase_a_live" name="test_upload_xlsx_v1" time="0.836" /><testcase classname="tests.test_library_phase_a_live" name="test_status_after_uploads_books_xlsx_present" time="1.249" /><testcase classname="tests.test_library_phase_a_live" name="test_idempotent_reupload_no_version_bump" time="1.803" /><testcase classname="tests.test_library_phase_a_live" name="test_clause44_upload_pins_to_library" time="2.176" /><testcase classname="tests.test_library_phase_a_live" name="test_uploading_v2_marks_run_outdated" time="2.593" /><testcase classname="tests.test_library_phase_a_live" name="test_rerun_repins_to_v2" time="1.265" /><testcase classname="tests.test_library_phase_a_live" name="test_pinned_version_cannot_be_soft_deleted" time="2.598" /><testcase classname="tests.test_library_phase_a_live" name="test_unpinned_version_can_be_soft_deleted" time="1.558" /></testsuite></testsuites>