<?xml version="1.0" encoding="utf-8"?><testsuites name="pytest tests"><testsuite name="pytest" errors="0" failures="0" skipped="0" tests="37" time="3.689" timestamp="2026-05-08T13:22:47.474432+00:00" hostname="agent-env-70f9a72f-98f5-4d28-9480-92f1d800f413"><testcase classname="tests.test_phase_c3_gst_recon_groups" name="test_post_runs_auto_synthesises_default_group" time="0.007" /><testcase classname="tests.test_phase_c3_gst_recon_groups" name="test_post_runs_is_idempotent_per_group" time="0.010" /><testcase classname="tests.test_phase_c3_gst_recon_groups" name="test_list_groups_hides_defaults_by_default" time="0.005" /><testcase classname="tests.test_phase_c3_gst_recon_groups" name="test_list_groups_include_default_surfaces_it" time="0.004" /><testcase classname="tests.test_phase_c3_gst_recon_groups" name="test_ensure_default_endpoint_is_idempotent" time="0.107" /><testcase classname="tests.test_phase_c1_scope_runs" name="test_bc_default_consolidation_persists_scope" time="0.005" /><testcase classname="tests.test_phase_c1_scope_runs" name="test_bc_division_scope_persists_and_is_distinct_from_consolidation" time="0.013" /><testcase classname="tests.test_phase_c1_scope_runs" name="test_bc_idempotent_per_scope" time="0.010" /><testcase classname="tests.test_phase_c1_scope_runs" name="test_fa_default_consolidation_persists_scope" time="0.006" /><testcase classname="tests.test_phase_c1_scope_runs" name="test_fa_division_scope_distinct_doc" time="0.012" /><testcase classname="tests.test_phase_c1_scope_runs" name="test_gst_default_consolidation" time="0.006" /><testcase classname="tests.test_phase_c1_scope_runs" name="test_gst_idempotent_per_scope" time="0.010" /><testcase classname="tests.test_phase_c1_scope_runs" name="test_fs_default_consolidation" time="0.005" /><testcase classname="tests.test_phase_c1_scope_runs" name="test_msme_default_consolidation" time="0.020" /><testcase classname="tests.test_phase_a_gstin_groups" name="test_create_and_list_group" time="0.017" /><testcase classname="tests.test_phase_a_gstin_groups" name="test_update_changes_membership_and_label" time="0.020" /><testcase classname="tests.test_phase_a_gstin_groups" name="test_duplicate_label_rejected" time="0.019" /><testcase classname="tests.test_phase_a_gstin_groups" name="test_invalid_gstin_rejected" time="0.014" /><testcase classname="tests.test_phase_a_gstin_groups" name="test_unknown_division_id_rejected" time="0.008" /><testcase classname="tests.test_phase_a_gstin_groups" name="test_empty_division_ids_rejected" time="0.007" /><testcase classname="tests.test_phase_a_gstin_groups" name="test_unknown_client_404" time="0.008" /><testcase classname="tests.test_phase_a_gstin_groups" name="test_delete_removes_group" time="0.020" /><testcase classname="tests.test_phase_a_gstin_groups" name="test_delete_unknown_returns_404" time="0.009" /><testcase classname="tests.test_phase_a_gstin_groups" name="test_catalog_default_attribution_field_present" time="0.008" /><testcase classname="tests.test_release_4_5_collapse_live" name="test_generations_endpoint_returns_envelope[/api/balance-confirmation/runs-id]" time="0.547" /><testcase classname="tests.test_release_4_5_collapse_live" name="test_generations_endpoint_returns_envelope[/api/fixed-assets/runs-id]" time="0.290" /><testcase classname="tests.test_release_4_5_collapse_live" name="test_generations_endpoint_returns_envelope[/api/fin-statement/runs-id]" time="0.280" /><testcase classname="tests.test_release_4_5_collapse_live" name="test_generations_endpoint_returns_envelope[/api/gst-recon/runs-id]" time="0.288" /><testcase classname="tests.test_release_4_5_collapse_live" name="test_generations_endpoint_returns_envelope[/api/msme/sessions-id]" time="0.297" /><testcase classname="tests.test_release_4_5_collapse_live" name="test_clause44_generations_endpoint" time="0.291" /><testcase classname="tests.test_release_4_5_collapse_live" name="test_no_archived_runs_in_listing" time="0.867" /><testcase classname="tests.test_bc_release_4_6_universal_recipients" name="test_get_universal_recipients_returns_envelope" time="0.009" /><testcase classname="tests.test_bc_release_4_6_universal_recipients" name="test_patch_universal_recipients_round_trip" time="0.007" /><testcase classname="tests.test_bc_release_4_6_universal_recipients" name="test_patch_universal_recipients_dedup_and_normalise" time="0.004" /><testcase classname="tests.test_bc_release_4_6_universal_recipients" name="test_patch_universal_recipients_empty_clears_list" time="0.008" /><testcase classname="tests.test_bc_release_4_6_universal_recipients" name="test_patch_universal_recipients_404_unknown_run" time="0.004" /><testcase classname="tests.test_bc_release_4_6_universal_recipients" name="test_existing_bc_ledgers_have_subhead_after_backfill" time="0.398" /></testsuite></testsuites>