<?xml version="1.0" encoding="utf-8"?><testsuites name="pytest tests"><testsuite name="pytest" errors="0" failures="0" skipped="0" tests="14" time="1.460" timestamp="2026-04-28T04:36:55.414925+00:00" hostname="agent-env-70f9a72f-98f5-4d28-9480-92f1d800f413"><testcase classname="tests.test_gst_recon_phase_c_e2e" name="test_auth_required" time="0.286" /><testcase classname="tests.test_gst_recon_phase_c_e2e" name="test_auth_me_works" time="0.128" /><testcase classname="tests.test_gst_recon_phase_c_e2e" name="test_create_run_persisted" time="0.110" /><testcase classname="tests.test_gst_recon_phase_c_e2e" name="test_list_runs_filtered_by_client" time="0.051" /><testcase classname="tests.test_gst_recon_phase_c_e2e" name="test_upload_gstr1_persists_r1_outward" time="0.072" /><testcase classname="tests.test_gst_recon_phase_c_e2e" name="test_upload_gstr2b_persists_r2b_itc" time="0.056" /><testcase classname="tests.test_gst_recon_phase_c_e2e" name="test_upload_gstr3b_pdf_persists_table_keys" time="0.076" /><testcase classname="tests.test_gst_recon_phase_c_e2e" name="test_upload_books_persists_books_per_month" time="0.061" /><testcase classname="tests.test_gst_recon_phase_c_e2e" name="test_validate_endpoint" time="0.106" /><testcase classname="tests.test_gst_recon_phase_c_e2e" name="test_summary_shape_and_math" time="0.055" /><testcase classname="tests.test_gst_recon_phase_c_e2e" name="test_summary_persisted_status_summarized" time="0.001" /><testcase classname="tests.test_gst_recon_phase_c_e2e" name="test_empty_run_summary_zero_rows" time="0.169" /><testcase classname="tests.test_gst_recon_phase_c_e2e" name="test_clients_endpoint_has_seeded_gstin_client" time="0.056" /><testcase classname="tests.test_gst_recon_phase_c_e2e" name="test_clause44_runs_endpoint_reachable" time="0.104" /></testsuite></testsuites>