<?xml version="1.0" encoding="utf-8"?><testsuites name="pytest tests"><testsuite name="pytest" errors="0" failures="0" skipped="0" tests="14" time="5.067" timestamp="2026-05-04T13:25:15.161148+00:00" hostname="agent-env-70f9a72f-98f5-4d28-9480-92f1d800f413"><testcase classname="tests.test_clause44_release2_live.TestCohortPara7920Columns" name="test_six_sheets" time="0.508" /><testcase classname="tests.test_clause44_release2_live.TestCohortPara7920Columns" name="test_new_columns_present_on_all_cohort_sheets" time="0.001" /><testcase classname="tests.test_clause44_release2_live.TestCohortPara7920Columns" name="test_auto_filter_set_on_cohort_sheets" time="0.000" /><testcase classname="tests.test_clause44_release2_live.TestDisclaimerRoundTrip" name="test_default_disclaimer_in_recon_sheet" time="0.280" /><testcase classname="tests.test_clause44_release2_live.TestDisclaimerRoundTrip" name="test_patch_only_disclaimer_then_export" time="0.291" /><testcase classname="tests.test_clause44_release2_live.TestDocsClause44" name="test_html_no_old_false_claims" time="0.070" /><testcase classname="tests.test_clause44_release2_live.TestDocsClause44" name="test_html_has_required_icai_phrases" time="0.000" /><testcase classname="tests.test_clause44_release2_live.TestDocsClause44" name="test_html_mentions_six_sheet_workbook" time="0.000" /><testcase classname="tests.test_clause44_release2_live.TestDocsClause44" name="test_pdf_renders_and_contains_required_phrases" time="3.414" /><testcase classname="tests.test_clause44_release2_live.TestRegression" name="test_cascade_rcm_in_col7" time="0.066" /><testcase classname="tests.test_clause44_release2_live.TestRegression" name="test_recon_arithmetic_ties" time="0.073" /><testcase classname="tests.test_clause44_release2_live.TestRegression" name="test_input_a_de_dup" time="0.064" /><testcase classname="tests.test_clause44_release2_live.TestRegression" name="test_company_name_present" time="0.061" /><testcase classname="tests.test_clause44_release2_live.TestRegression" name="test_no_test_clients_leaked" time="0.051" /></testsuite></testsuites>