<?xml version="1.0" encoding="utf-8"?><testsuites name="pytest tests"><testsuite name="pytest" errors="0" failures="0" skipped="0" tests="81" time="6.665" timestamp="2026-05-04T14:02:33.986090+00:00" hostname="agent-env-70f9a72f-98f5-4d28-9480-92f1d800f413"><testcase classname="tests.test_clause44_release1.TestCascade" name="test_registered_vendor_with_itc_ledger_lands_in_col5" time="0.000" /><testcase classname="tests.test_clause44_release1.TestCascade" name="test_registered_vendor_without_itc_with_inference_goes_to_col3_input_b" time="0.000" /><testcase classname="tests.test_clause44_release1.TestCascade" name="test_toggle_off_moves_registered_no_itc_to_col5" time="0.000" /><testcase classname="tests.test_clause44_release1.TestCascade" name="test_composition_always_col4" time="0.000" /><testcase classname="tests.test_clause44_release1.TestCascade" name="test_urd_goes_to_col7" time="0.000" /><testcase classname="tests.test_clause44_release1.TestCascade" name="test_rcm_voucher_type_auto_col7" time="0.000" /><testcase classname="tests.test_clause44_release1.TestCascade" name="test_foreign_supplier_goes_to_col7_with_import_flag" time="0.000" /><testcase classname="tests.test_clause44_release1.TestInputADeDupe" name="test_tagged_ledger_line_goes_col3_input_a_even_when_itc_inference_on" time="0.000" /><testcase classname="tests.test_clause44_release1.TestInputADeDupe" name="test_tagged_ledger_remains_col3_when_inference_off" time="0.000" /><testcase classname="tests.test_clause44_release1.TestRecon" name="test_auto_categoriser_routes_salary_to_sch3" time="0.000" /><testcase classname="tests.test_clause44_release1.TestRecon" name="test_auto_categoriser_routes_depreciation_to_non_cash" time="0.000" /><testcase classname="tests.test_clause44_release1.TestRecon" name="test_auto_categoriser_routes_interest_to_money" time="0.000" /><testcase classname="tests.test_clause44_release1.TestRecon" name="test_auto_categoriser_unknown_lands_other" time="0.000" /><testcase classname="tests.test_clause44_release1.TestRecon" name="test_5_line_recon_arithmetic_ties" time="0.000" /><testcase classname="tests.test_clause44_release1.TestRecon" name="test_auditor_override_moves_line_between_buckets" time="0.000" /><testcase classname="tests.test_clause44_release1_live.TestPatchSelections" name="test_patch_accepts_new_fields" time="0.302" /><testcase classname="tests.test_clause44_release1_live.TestPatchSelections" name="test_patch_persists_to_get" time="0.111" /><testcase classname="tests.test_clause44_release1_live.TestPatchSelections" name="test_patch_partial_update" time="0.122" /><testcase classname="tests.test_clause44_release1_live.TestGenerateAndReclassify" name="test_generate_with_itc_inference_on" time="0.134" /><testcase classname="tests.test_clause44_release1_live.TestGenerateAndReclassify" name="test_get_silent_reclassify_with_inference_off" time="0.130" /><testcase classname="tests.test_clause44_release1_live.TestGenerateAndReclassify" name="test_get_silent_reclassify_with_inference_on" time="0.142" /><testcase classname="tests.test_clause44_release1_live.TestGenerateAndReclassify" name="test_disclaimer_default_present_when_unset" time="0.064" /><testcase classname="tests.test_clause44_release1_live.TestExcelExport" name="test_six_sheets" time="0.218" /><testcase classname="tests.test_clause44_release1_live.TestExcelExport" name="test_recon_sheet_present" time="0.000" /><testcase classname="tests.test_clause44_release1_live.TestExcelExport" name="test_recon_arithmetic_in_workbook" time="0.000" /><testcase classname="tests.test_clause44_release2.TestCohortSheetColumns" name="test_all_para_79_20_columns_present" time="0.036" /><testcase classname="tests.test_clause44_release2.TestCohortSheetColumns" name="test_rcm_column_yes_only_for_rcm_voucher" time="0.036" /><testcase classname="tests.test_clause44_release2.TestCohortSheetColumns" name="test_value_eligible_for_itc_excludes_rcm_and_input_a" time="0.033" /><testcase classname="tests.test_clause44_release2.TestCohortSheetColumns" name="test_auto_filter_set_on_cohort_sheets" time="0.034" /><testcase classname="tests.test_clause44_release2.TestDisclaimer" name="test_disclaimer_stamped_into_recon_sheet" time="0.033" /><testcase classname="tests.test_clause44_release2.TestDisclaimer" name="test_disclaimer_block_header_present" time="0.034" /><testcase classname="tests.test_clause44_release2.TestForeignReason" name="test_reason_includes_country" time="0.000" /><testcase classname="tests.test_clause44_release2_live.TestCohortPara7920Columns" name="test_six_sheets" time="0.315" /><testcase classname="tests.test_clause44_release2_live.TestCohortPara7920Columns" name="test_new_columns_present_on_all_cohort_sheets" time="0.001" /><testcase classname="tests.test_clause44_release2_live.TestCohortPara7920Columns" name="test_auto_filter_set_on_cohort_sheets" time="0.000" /><testcase classname="tests.test_clause44_release2_live.TestDisclaimerRoundTrip" name="test_default_disclaimer_in_recon_sheet" time="0.333" /><testcase classname="tests.test_clause44_release2_live.TestDisclaimerRoundTrip" name="test_patch_only_disclaimer_then_export" time="0.271" /><testcase classname="tests.test_clause44_release2_live.TestDocsClause44" name="test_html_no_old_false_claims" time="0.070" /><testcase classname="tests.test_clause44_release2_live.TestDocsClause44" name="test_html_has_required_icai_phrases" time="0.000" /><testcase classname="tests.test_clause44_release2_live.TestDocsClause44" name="test_html_mentions_six_sheet_workbook" time="0.000" /><testcase classname="tests.test_clause44_release2_live.TestDocsClause44" name="test_pdf_renders_and_contains_required_phrases" time="1.685" /><testcase classname="tests.test_clause44_release2_live.TestRegression" name="test_cascade_rcm_in_col7" time="0.065" /><testcase classname="tests.test_clause44_release2_live.TestRegression" name="test_recon_arithmetic_ties" time="0.061" /><testcase classname="tests.test_clause44_release2_live.TestRegression" name="test_input_a_de_dup" time="0.067" /><testcase classname="tests.test_clause44_release2_live.TestRegression" name="test_company_name_present" time="0.070" /><testcase classname="tests.test_clause44_release2_live.TestRegression" name="test_no_test_clients_leaked" time="0.050" /><testcase classname="tests.test_clause44_release3.TestStep0ExclusionWins" name="test_excluded_ledger_routes_to_col8_over_everything" time="0.000" /><testcase classname="tests.test_clause44_release3.TestStep0ExclusionWins" name="test_excluded_wins_over_input_a" time="0.000" /><testcase classname="tests.test_clause44_release3.TestStep0ExclusionWins" name="test_col2_is_gross_sum_of_cols_3_to_8" time="0.000" /><testcase classname="tests.test_clause44_release3.TestSevenColSummarySheet" name="test_summary_sheet_carries_col8_column" time="0.034" /><testcase classname="tests.test_clause44_release3.TestSevenColSummarySheet" name="test_col8_sheet_present_with_subbucket_grouping" time="0.041" /><testcase classname="tests.test_clause44_release3.TestSevenColSummarySheet" name="test_col8_sheet_shows_voucher_detail" time="0.037" /><testcase classname="tests.test_clause44_release3.TestDisclaimerContent" name="test_default_disclaimer_matches_user_approved_text" time="0.000" /><testcase classname="tests.test_clause44_release3_live.TestCascadeStep0" name="test_summary_has_col8_and_reportable" time="0.269" /><testcase classname="tests.test_clause44_release3_live.TestCascadeStep0" name="test_col8_positive_when_exclusions_elected" time="0.000" /><testcase classname="tests.test_clause44_release3_live.TestCascadeStep0" name="test_gross_identity_col2_equals_3_4_5_7_8" time="0.000" /><testcase classname="tests.test_clause44_release3_live.TestCascadeStep0" name="test_reportable_equals_col6_plus_col7" time="0.000" /><testcase classname="tests.test_clause44_release3_live.TestCascadeStep0" name="test_excluded_ledger_no_longer_in_col7" time="0.000" /><testcase classname="tests.test_clause44_release3_live.TestRunGetShape" name="test_run_doc_carries_col8_and_recon_col8_total" time="0.129" /><testcase classname="tests.test_clause44_release3_live.TestTransactionsCol8" name="test_bucket_col8_filter_returns_only_col8" time="0.128" /><testcase classname="tests.test_clause44_release3_live.TestTransactionsCol8" name="test_bucket_col8_invalid_other_value_rejected" time="0.133" /><testcase classname="tests.test_clause44_release3_live.TestExcelExport" name="test_workbook_has_seven_sheets" time="0.221" /><testcase classname="tests.test_clause44_release3_live.TestExcelExport" name="test_col8_sheet_exists" time="0.000" /><testcase classname="tests.test_clause44_release3_live.TestExcelExport" name="test_summary_sheet_has_seven_data_columns" time="0.000" /><testcase classname="tests.test_clause44_release3_live.TestExcelExport" name="test_col8_sheet_subbucket_band_headers" time="0.000" /><testcase classname="tests.test_clause44_release3_live.TestExcelExport" name="test_col8_sheet_lists_elected_ledgers" time="0.000" /><testcase classname="tests.test_clause44_release3_live.TestDisclaimerContent" name="test_default_phrases_present_via_module" time="0.000" /><testcase classname="tests.test_clause44_release3_live.TestDisclaimerContent" name="test_disclaimer_round_trips_to_excel" time="0.351" /><testcase classname="tests.test_clause44_release3_live.TestNoClientLeak" name="test_only_three_seed_clients" time="0.240" /><testcase classname="tests.test_clause44_iteration_patch.TestCompanyNameGuard" name="test_exact_match" time="0.000" /><testcase classname="tests.test_clause44_iteration_patch.TestCompanyNameGuard" name="test_suffix_variant" time="0.000" /><testcase classname="tests.test_clause44_iteration_patch.TestCompanyNameGuard" name="test_clear_mismatch_blocks" time="0.000" /><testcase classname="tests.test_clause44_iteration_patch.TestCompanyNameGuard" name="test_empty_books_name_passes" time="0.000" /><testcase classname="tests.test_clause44_iteration_patch.TestCompanyNameGuard" name="test_empty_client_name_passes" time="0.000" /><testcase classname="tests.test_clause44_iteration_patch.TestCompanyNameGuard" name="test_normalise_strips_suffixes_and_punctuation" time="0.000" /><testcase classname="tests.test_clause44_iteration_patch.TestCompanyNameGuard" name="test_extract_company_name_legacy_key" time="0.000" /><testcase classname="tests.test_clause44_iteration_patch.TestCompanyNameGuard" name="test_extract_company_name_new_key" time="0.000" /><testcase classname="tests.test_clause44_iteration_patch.TestCompanyNameGuard" name="test_extract_company_name_missing" time="0.000" /><testcase classname="tests.test_clause44_iteration_patch.TestExcelExport" name="test_workbook_has_7_sheets" time="0.032" /><testcase classname="tests.test_clause44_iteration_patch.TestExcelExport" name="test_summary_has_seven_col_pivot" time="0.034" /><testcase classname="tests.test_clause44_iteration_patch.TestExcelExport" name="test_cohort_sheets_contain_only_own_bucket" time="0.033" /></testsuite></testsuites>