<?xml version="1.0" encoding="utf-8"?><testsuites name="pytest tests"><testsuite name="pytest" errors="0" failures="1" skipped="0" tests="9" time="1.418" timestamp="2026-05-04T17:00:58.103197+00:00" hostname="agent-env-70f9a72f-98f5-4d28-9480-92f1d800f413"><testcase classname="tests.test_clause44_release3_2_live.TestUploadItcCandidatesShape" name="test_all_input_ledgers_present_with_kind_input" time="0.874" /><testcase classname="tests.test_clause44_release3_2_live.TestUploadItcCandidatesShape" name="test_sgst_in_put_with_embedded_space_is_input" time="0.000" /><testcase classname="tests.test_clause44_release3_2_live.TestUploadItcCandidatesShape" name="test_output_ledgers_classified_output" time="0.000" /><testcase classname="tests.test_clause44_release3_2_live.TestUploadItcCandidatesShape" name="test_kind_source_values_valid" time="0.000" /><testcase classname="tests.test_clause44_release3_2_live.TestUploadItcCandidatesShape" name="test_usage_telemetry_fields_present" time="0.000" /><testcase classname="tests.test_clause44_release3_2_live.TestUploadItcCandidatesShape" name="test_input_ledgers_have_nonzero_purchase_usage" time="0.000" /><testcase classname="tests.test_clause44_release3_2_live.TestGetRunShape" name="test_get_run_has_same_itc_candidate_shape" time="0.077" /><testcase classname="tests.test_clause44_release3_2_live.TestCoverageDiagnosticLive" name="test_generate_with_all_inputs_gives_high_coverage" time="0.091"><failure message="AssertionError: coverage dropped below 70%: 16.7&#10;assert 16.7 &gt;= 70.0">tests/test_clause44_release3_2_live.py:211: in test_generate_with_all_inputs_gives_high_coverage
    assert s["itc_coverage_pct"] &gt;= 70.0, (
E   AssertionError: coverage dropped below 70%: 16.7
E   assert 16.7 &gt;= 70.0</failure></testcase><testcase classname="tests.test_clause44_release3_2_live.TestCoverageDiagnosticLive" name="test_generate_with_empty_itc_drops_coverage_to_zero" time="0.154" /></testsuite></testsuites>