<?xml version="1.0" encoding="utf-8"?><testsuites name="pytest tests"><testsuite name="pytest" errors="0" failures="0" skipped="0" tests="16" time="2.107" timestamp="2026-05-04T14:01:52.464100+00:00" hostname="agent-env-70f9a72f-98f5-4d28-9480-92f1d800f413"><testcase classname="tests.test_clause44_release3_live.TestCascadeStep0" name="test_summary_has_col8_and_reportable" time="0.415" /><testcase classname="tests.test_clause44_release3_live.TestCascadeStep0" name="test_col8_positive_when_exclusions_elected" time="0.000" /><testcase classname="tests.test_clause44_release3_live.TestCascadeStep0" name="test_gross_identity_col2_equals_3_4_5_7_8" time="0.000" /><testcase classname="tests.test_clause44_release3_live.TestCascadeStep0" name="test_reportable_equals_col6_plus_col7" time="0.000" /><testcase classname="tests.test_clause44_release3_live.TestCascadeStep0" name="test_excluded_ledger_no_longer_in_col7" time="0.000" /><testcase classname="tests.test_clause44_release3_live.TestRunGetShape" name="test_run_doc_carries_col8_and_recon_col8_total" time="0.134" /><testcase classname="tests.test_clause44_release3_live.TestTransactionsCol8" name="test_bucket_col8_filter_returns_only_col8" time="0.125" /><testcase classname="tests.test_clause44_release3_live.TestTransactionsCol8" name="test_bucket_col8_invalid_other_value_rejected" time="0.128" /><testcase classname="tests.test_clause44_release3_live.TestExcelExport" name="test_workbook_has_seven_sheets" time="0.228" /><testcase classname="tests.test_clause44_release3_live.TestExcelExport" name="test_col8_sheet_exists" time="0.000" /><testcase classname="tests.test_clause44_release3_live.TestExcelExport" name="test_summary_sheet_has_seven_data_columns" time="0.000" /><testcase classname="tests.test_clause44_release3_live.TestExcelExport" name="test_col8_sheet_subbucket_band_headers" time="0.001" /><testcase classname="tests.test_clause44_release3_live.TestExcelExport" name="test_col8_sheet_lists_elected_ledgers" time="0.000" /><testcase classname="tests.test_clause44_release3_live.TestDisclaimerContent" name="test_default_phrases_present_via_module" time="0.274" /><testcase classname="tests.test_clause44_release3_live.TestDisclaimerContent" name="test_disclaimer_round_trips_to_excel" time="0.372" /><testcase classname="tests.test_clause44_release3_live.TestNoClientLeak" name="test_only_three_seed_clients" time="0.245" /></testsuite></testsuites>