<?xml version="1.0" encoding="utf-8"?><testsuites name="pytest tests"><testsuite name="pytest" errors="13" failures="5" skipped="0" tests="87" time="8.561" timestamp="2026-05-04T13:25:26.125895+00:00" hostname="agent-env-70f9a72f-98f5-4d28-9480-92f1d800f413"><testcase classname="tests.test_clause44_release1.TestCascade" name="test_registered_vendor_with_itc_ledger_lands_in_col5" time="0.000" /><testcase classname="tests.test_clause44_release1.TestCascade" name="test_registered_vendor_without_itc_with_inference_goes_to_col3_input_b" time="0.000" /><testcase classname="tests.test_clause44_release1.TestCascade" name="test_toggle_off_moves_registered_no_itc_to_col5" time="0.000" /><testcase classname="tests.test_clause44_release1.TestCascade" name="test_composition_always_col4" time="0.000" /><testcase classname="tests.test_clause44_release1.TestCascade" name="test_urd_goes_to_col7" time="0.000" /><testcase classname="tests.test_clause44_release1.TestCascade" name="test_rcm_voucher_type_auto_col7" time="0.000" /><testcase classname="tests.test_clause44_release1.TestCascade" name="test_foreign_supplier_goes_to_col7_with_import_flag" time="0.000" /><testcase classname="tests.test_clause44_release1.TestInputADeDupe" name="test_tagged_ledger_line_goes_col3_input_a_even_when_itc_inference_on" time="0.000" /><testcase classname="tests.test_clause44_release1.TestInputADeDupe" name="test_tagged_ledger_remains_col3_when_inference_off" time="0.000" /><testcase classname="tests.test_clause44_release1.TestRecon" name="test_auto_categoriser_routes_salary_to_sch3" time="0.000" /><testcase classname="tests.test_clause44_release1.TestRecon" name="test_auto_categoriser_routes_depreciation_to_non_cash" time="0.000" /><testcase classname="tests.test_clause44_release1.TestRecon" name="test_auto_categoriser_routes_interest_to_money" time="0.000" /><testcase classname="tests.test_clause44_release1.TestRecon" name="test_auto_categoriser_unknown_lands_other" time="0.000" /><testcase classname="tests.test_clause44_release1.TestRecon" name="test_5_line_recon_arithmetic_ties" time="0.000" /><testcase classname="tests.test_clause44_release1.TestRecon" name="test_auditor_override_moves_line_between_buckets" time="0.000" /><testcase classname="tests.test_clause44_release1_live.TestPatchSelections" name="test_patch_accepts_new_fields" time="0.191" /><testcase classname="tests.test_clause44_release1_live.TestPatchSelections" name="test_patch_persists_to_get" time="0.064" /><testcase classname="tests.test_clause44_release1_live.TestPatchSelections" name="test_patch_partial_update" time="0.163" /><testcase classname="tests.test_clause44_release1_live.TestGenerateAndReclassify" name="test_generate_with_itc_inference_on" time="0.123" /><testcase classname="tests.test_clause44_release1_live.TestGenerateAndReclassify" name="test_get_silent_reclassify_with_inference_off" time="0.122" /><testcase classname="tests.test_clause44_release1_live.TestGenerateAndReclassify" name="test_get_silent_reclassify_with_inference_on" time="0.171" /><testcase classname="tests.test_clause44_release1_live.TestGenerateAndReclassify" name="test_disclaimer_default_present_when_unset" time="0.062" /><testcase classname="tests.test_clause44_release1_live.TestExcelExport" name="test_six_sheets" time="0.244" /><testcase classname="tests.test_clause44_release1_live.TestExcelExport" name="test_recon_sheet_present" time="0.000" /><testcase classname="tests.test_clause44_release1_live.TestExcelExport" name="test_recon_arithmetic_in_workbook" time="0.000" /><testcase classname="tests.test_clause44_release2.TestCohortSheetColumns" name="test_all_para_79_20_columns_present" time="0.033" /><testcase classname="tests.test_clause44_release2.TestCohortSheetColumns" name="test_rcm_column_yes_only_for_rcm_voucher" time="0.031" /><testcase classname="tests.test_clause44_release2.TestCohortSheetColumns" name="test_value_eligible_for_itc_excludes_rcm_and_input_a" time="0.032" /><testcase classname="tests.test_clause44_release2.TestCohortSheetColumns" name="test_auto_filter_set_on_cohort_sheets" time="0.034" /><testcase classname="tests.test_clause44_release2.TestDisclaimer" name="test_disclaimer_stamped_into_recon_sheet" time="0.031" /><testcase classname="tests.test_clause44_release2.TestDisclaimer" name="test_disclaimer_block_header_present" time="0.034" /><testcase classname="tests.test_clause44_release2.TestForeignReason" name="test_reason_includes_country" time="0.000" /><testcase classname="tests.test_clause44_release2_live.TestCohortPara7920Columns" name="test_six_sheets" time="0.321" /><testcase classname="tests.test_clause44_release2_live.TestCohortPara7920Columns" name="test_new_columns_present_on_all_cohort_sheets" time="0.001" /><testcase classname="tests.test_clause44_release2_live.TestCohortPara7920Columns" name="test_auto_filter_set_on_cohort_sheets" time="0.000" /><testcase classname="tests.test_clause44_release2_live.TestDisclaimerRoundTrip" name="test_default_disclaimer_in_recon_sheet" time="0.378" /><testcase classname="tests.test_clause44_release2_live.TestDisclaimerRoundTrip" name="test_patch_only_disclaimer_then_export" time="0.275" /><testcase classname="tests.test_clause44_release2_live.TestDocsClause44" name="test_html_no_old_false_claims" time="0.062" /><testcase classname="tests.test_clause44_release2_live.TestDocsClause44" name="test_html_has_required_icai_phrases" time="0.000" /><testcase classname="tests.test_clause44_release2_live.TestDocsClause44" name="test_html_mentions_six_sheet_workbook" time="0.000" /><testcase classname="tests.test_clause44_release2_live.TestDocsClause44" name="test_pdf_renders_and_contains_required_phrases" time="1.293" /><testcase classname="tests.test_clause44_release2_live.TestRegression" name="test_cascade_rcm_in_col7" time="0.080" /><testcase classname="tests.test_clause44_release2_live.TestRegression" name="test_recon_arithmetic_ties" time="0.068" /><testcase classname="tests.test_clause44_release2_live.TestRegression" name="test_input_a_de_dup" time="0.063" /><testcase classname="tests.test_clause44_release2_live.TestRegression" name="test_company_name_present" time="0.062" /><testcase classname="tests.test_clause44_release2_live.TestRegression" name="test_no_test_clients_leaked" time="0.058" /><testcase classname="tests.test_clause44_iteration_patch.TestCompanyNameGuard" name="test_exact_match" time="0.001" /><testcase classname="tests.test_clause44_iteration_patch.TestCompanyNameGuard" name="test_suffix_variant" time="0.000" /><testcase classname="tests.test_clause44_iteration_patch.TestCompanyNameGuard" name="test_clear_mismatch_blocks" time="0.000" /><testcase classname="tests.test_clause44_iteration_patch.TestCompanyNameGuard" name="test_empty_books_name_passes" time="0.000" /><testcase classname="tests.test_clause44_iteration_patch.TestCompanyNameGuard" name="test_empty_client_name_passes" time="0.000" /><testcase classname="tests.test_clause44_iteration_patch.TestCompanyNameGuard" name="test_normalise_strips_suffixes_and_punctuation" time="0.000" /><testcase classname="tests.test_clause44_iteration_patch.TestCompanyNameGuard" name="test_extract_company_name_legacy_key" time="0.000" /><testcase classname="tests.test_clause44_iteration_patch.TestCompanyNameGuard" name="test_extract_company_name_new_key" time="0.000" /><testcase classname="tests.test_clause44_iteration_patch.TestCompanyNameGuard" name="test_extract_company_name_missing" time="0.000" /><testcase classname="tests.test_clause44_iteration_patch.TestExcelExport" name="test_workbook_has_6_sheets" time="0.030" /><testcase classname="tests.test_clause44_iteration_patch.TestExcelExport" name="test_summary_has_six_col_pivot" time="0.030" /><testcase classname="tests.test_clause44_iteration_patch.TestExcelExport" name="test_cohort_sheets_contain_only_own_bucket" time="0.030" /><testcase classname="tests.test_clause44_backend.TestAuth" name="test_me_unauthenticated" time="0.335"><failure message="assert 404 == 401&#10; +  where 404 = &lt;Response [404]&gt;.status_code">tests/test_clause44_backend.py:14: in test_me_unauthenticated
    assert r.status_code == 401
E   assert 404 == 401
E    +  where 404 = &lt;Response [404]&gt;.status_code</failure></testcase><testcase classname="tests.test_clause44_backend.TestAuth" name="test_me_authenticated" time="1.706"><failure message="assert 404 == 200&#10; +  where 404 = &lt;Response [404]&gt;.status_code">tests/test_clause44_backend.py:18: in test_me_authenticated
    assert r.status_code == 200
E   assert 404 == 200
E    +  where 404 = &lt;Response [404]&gt;.status_code</failure></testcase><testcase classname="tests.test_clause44_backend.TestAuth" name="test_runs_requires_auth" time="0.142"><failure message="assert 404 == 401&#10; +  where 404 = &lt;Response [404]&gt;.status_code">tests/test_clause44_backend.py:25: in test_runs_requires_auth
    assert r.status_code == 401
E   assert 404 == 401
E    +  where 404 = &lt;Response [404]&gt;.status_code</failure></testcase><testcase classname="tests.test_clause44_backend.TestAuth" name="test_root" time="0.139"><failure message="assert 404 == 200&#10; +  where 404 = &lt;Response [404]&gt;.status_code">tests/test_clause44_backend.py:29: in test_root
    assert r.status_code == 200
E   assert 404 == 200
E    +  where 404 = &lt;Response [404]&gt;.status_code</failure></testcase><testcase classname="tests.test_clause44_backend.TestRunUpload" name="test_upload_returns_expected_structure" time="0.676"><error message="failed on setup with &quot;AssertionError: 404 page not found&#10;  &#10;assert 404 == 200&#10; +  where 404 = &lt;Response [404]&gt;.status_code&quot;">tests/test_clause44_backend.py:43: in created_run
    assert cr.status_code == 200, cr.text
E   AssertionError: 404 page not found
E     
E   assert 404 == 200
E    +  where 404 = &lt;Response [404]&gt;.status_code</error></testcase><testcase classname="tests.test_clause44_backend.TestRunUpload" name="test_list_runs_includes_created" time="0.000"><error message="failed on setup with &quot;AssertionError: 404 page not found&#10;  &#10;assert 404 == 200&#10; +  where 404 = &lt;Response [404]&gt;.status_code&quot;">tests/test_clause44_backend.py:43: in created_run
    assert cr.status_code == 200, cr.text
E   AssertionError: 404 page not found
E     
E   assert 404 == 200
E    +  where 404 = &lt;Response [404]&gt;.status_code</error></testcase><testcase classname="tests.test_clause44_backend.TestRunUpload" name="test_get_run_full_state" time="0.000"><error message="failed on setup with &quot;AssertionError: 404 page not found&#10;  &#10;assert 404 == 200&#10; +  where 404 = &lt;Response [404]&gt;.status_code&quot;">tests/test_clause44_backend.py:43: in created_run
    assert cr.status_code == 200, cr.text
E   AssertionError: 404 page not found
E     
E   assert 404 == 200
E    +  where 404 = &lt;Response [404]&gt;.status_code</error></testcase><testcase classname="tests.test_clause44_backend.TestRunUpload" name="test_runs_archived_filter" time="0.000"><error message="failed on setup with &quot;AssertionError: 404 page not found&#10;  &#10;assert 404 == 200&#10; +  where 404 = &lt;Response [404]&gt;.status_code&quot;">tests/test_clause44_backend.py:43: in created_run
    assert cr.status_code == 200, cr.text
E   AssertionError: 404 page not found
E     
E   assert 404 == 200
E    +  where 404 = &lt;Response [404]&gt;.status_code</error></testcase><testcase classname="tests.test_clause44_backend.TestGenerate" name="test_summary_has_nonzero_buckets" time="0.000"><error message="failed on setup with &quot;AssertionError: 404 page not found&#10;  &#10;assert 404 == 200&#10; +  where 404 = &lt;Response [404]&gt;.status_code&quot;">tests/test_clause44_backend.py:43: in created_run
    assert cr.status_code == 200, cr.text
E   AssertionError: 404 page not found
E     
E   assert 404 == 200
E    +  where 404 = &lt;Response [404]&gt;.status_code</error></testcase><testcase classname="tests.test_clause44_backend.TestGenerate" name="test_summary_arithmetic" time="0.000"><error message="failed on setup with &quot;AssertionError: 404 page not found&#10;  &#10;assert 404 == 200&#10; +  where 404 = &lt;Response [404]&gt;.status_code&quot;">tests/test_clause44_backend.py:43: in created_run
    assert cr.status_code == 200, cr.text
E   AssertionError: 404 page not found
E     
E   assert 404 == 200
E    +  where 404 = &lt;Response [404]&gt;.status_code</error></testcase><testcase classname="tests.test_clause44_backend.TestGenerate" name="test_by_ledger_present" time="0.000"><error message="failed on setup with &quot;AssertionError: 404 page not found&#10;  &#10;assert 404 == 200&#10; +  where 404 = &lt;Response [404]&gt;.status_code&quot;">tests/test_clause44_backend.py:43: in created_run
    assert cr.status_code == 200, cr.text
E   AssertionError: 404 page not found
E     
E   assert 404 == 200
E    +  where 404 = &lt;Response [404]&gt;.status_code</error></testcase><testcase classname="tests.test_clause44_backend.TestTransactions" name="test_col5_filter" time="0.000"><error message="failed on setup with &quot;AssertionError: 404 page not found&#10;  &#10;assert 404 == 200&#10; +  where 404 = &lt;Response [404]&gt;.status_code&quot;">tests/test_clause44_backend.py:43: in created_run
    assert cr.status_code == 200, cr.text
E   AssertionError: 404 page not found
E     
E   assert 404 == 200
E    +  where 404 = &lt;Response [404]&gt;.status_code</error></testcase><testcase classname="tests.test_clause44_backend.TestTransactions" name="test_col6_returns_3_4_5" time="0.000"><error message="failed on setup with &quot;AssertionError: 404 page not found&#10;  &#10;assert 404 == 200&#10; +  where 404 = &lt;Response [404]&gt;.status_code&quot;">tests/test_clause44_backend.py:43: in created_run
    assert cr.status_code == 200, cr.text
E   AssertionError: 404 page not found
E     
E   assert 404 == 200
E    +  where 404 = &lt;Response [404]&gt;.status_code</error></testcase><testcase classname="tests.test_clause44_backend.TestTransactions" name="test_all_bucket" time="0.000"><error message="failed on setup with &quot;AssertionError: 404 page not found&#10;  &#10;assert 404 == 200&#10; +  where 404 = &lt;Response [404]&gt;.status_code&quot;">tests/test_clause44_backend.py:43: in created_run
    assert cr.status_code == 200, cr.text
E   AssertionError: 404 page not found
E     
E   assert 404 == 200
E    +  where 404 = &lt;Response [404]&gt;.status_code</error></testcase><testcase classname="tests.test_clause44_backend.TestTransactions" name="test_ledger_filter" time="0.000"><error message="failed on setup with &quot;AssertionError: 404 page not found&#10;  &#10;assert 404 == 200&#10; +  where 404 = &lt;Response [404]&gt;.status_code&quot;">tests/test_clause44_backend.py:43: in created_run
    assert cr.status_code == 200, cr.text
E   AssertionError: 404 page not found
E     
E   assert 404 == 200
E    +  where 404 = &lt;Response [404]&gt;.status_code</error></testcase><testcase classname="tests.test_clause44_backend.TestExport" name="test_export_xlsx" time="0.000"><error message="failed on setup with &quot;AssertionError: 404 page not found&#10;  &#10;assert 404 == 200&#10; +  where 404 = &lt;Response [404]&gt;.status_code&quot;">tests/test_clause44_backend.py:43: in created_run
    assert cr.status_code == 200, cr.text
E   AssertionError: 404 page not found
E     
E   assert 404 == 200
E    +  where 404 = &lt;Response [404]&gt;.status_code</error></testcase><testcase classname="tests.test_clause44_backend.TestArchive" name="test_archive_toggles" time="0.000"><error message="failed on setup with &quot;AssertionError: 404 page not found&#10;  &#10;assert 404 == 200&#10; +  where 404 = &lt;Response [404]&gt;.status_code&quot;">tests/test_clause44_backend.py:43: in created_run
    assert cr.status_code == 200, cr.text
E   AssertionError: 404 page not found
E     
E   assert 404 == 200
E    +  where 404 = &lt;Response [404]&gt;.status_code</error></testcase><testcase classname="tests.test_docs.TestDocsEndpoint" name="test_index_html_renders_and_lists_modules" time="0.007" /><testcase classname="tests.test_docs.TestDocsEndpoint" name="test_clause_44_html_has_executive_summary_and_walkthrough" time="0.003" /><testcase classname="tests.test_docs.TestDocsEndpoint" name="test_clause_44_pdf_is_valid_pdf_and_meaningful_size" time="0.755" /><testcase classname="tests.test_docs.TestDocsEndpoint" name="test_unknown_module_returns_404_html" time="0.004" /><testcase classname="tests.test_docs.TestDocsEndpoint" name="test_unknown_module_returns_404_pdf" time="0.003" /><testcase classname="tests.test_docs.TestDocsEndpoint" name="test_anonymous_blocked" time="0.002" /><testcase classname="tests.test_docs.TestDocsFeedback" name="test_post_thumbs_up" time="0.011" /><testcase classname="tests.test_docs.TestDocsFeedback" name="test_post_thumbs_down_with_reason" time="0.004" /><testcase classname="tests.test_docs.TestDocsFeedback" name="test_idempotent_upsert_on_resubmit" time="0.003"><failure message="AssertionError: assert False is True&#10; +  where False = &lt;built-in method get of dict object at 0xfd22b9430200&gt;('first_time')&#10; +    where &lt;built-in method get of dict object at 0xfd22b9430200&gt; = {'first_time': False, 'ok': True}.get&#10; +      where {'first_time': False, 'ok': True} = json()&#10; +        where json = &lt;Response [200]&gt;.json">tests/test_docs.py:105: in test_idempotent_upsert_on_resubmit
    assert r1.json().get("first_time") is True
E   AssertionError: assert False is True
E    +  where False = &lt;built-in method get of dict object at 0xfd22b9430200&gt;('first_time')
E    +    where &lt;built-in method get of dict object at 0xfd22b9430200&gt; = {'first_time': False, 'ok': True}.get
E    +      where {'first_time': False, 'ok': True} = json()
E    +        where json = &lt;Response [200]&gt;.json</failure></testcase><testcase classname="tests.test_docs.TestDocsFeedback" name="test_aggregate_returns_heatmap_shape" time="0.005" /><testcase classname="tests.test_docs.TestDocsFeedback" name="test_aggregate_admin_only" time="0.002" /><testcase classname="tests.test_docs.TestDocsFeedback" name="test_post_payload_validation" time="0.007" /></testsuite></testsuites>