<?xml version="1.0" encoding="utf-8"?><testsuites name="pytest tests"><testsuite name="pytest" errors="0" failures="0" skipped="2" tests="14" time="2.420" timestamp="2026-04-29T01:59:04.480321+00:00" hostname="agent-env-70f9a72f-98f5-4d28-9480-92f1d800f413"><testcase classname="tests.test_gst_recon_phase_e_live.TestAuthAndRuns" name="test_auth_me_works" time="0.145" /><testcase classname="tests.test_gst_recon_phase_e_live.TestAuthAndRuns" name="test_runs_list_for_seeded_client" time="0.140" /><testcase classname="tests.test_gst_recon_phase_e_live.TestAuthAndRuns" name="test_get_run_includes_summary" time="0.116" /><testcase classname="tests.test_gst_recon_phase_e_live.TestMatchPartyEndpoint" name="test_match_party_requires_auth" time="0.103" /><testcase classname="tests.test_gst_recon_phase_e_live.TestMatchPartyEndpoint" name="test_match_party_404_for_unknown_run" time="0.126" /><testcase classname="tests.test_gst_recon_phase_e_live.TestMatchPartyEndpoint" name="test_match_party_400_for_bad_direction" time="0.131" /><testcase classname="tests.test_gst_recon_phase_e_live.TestMatchPartyEndpoint" name="test_match_party_400_for_missing_gstin" time="0.114" /><testcase classname="tests.test_gst_recon_phase_e_live.TestMatchPartyEndpoint" name="test_match_party_returns_match_buckets_inward" time="0.143" /><testcase classname="tests.test_gst_recon_phase_e_live.TestMatchPartyEndpoint" name="test_match_party_returns_buckets_outward" time="0.118" /><testcase classname="tests.test_gst_recon_phase_e_live.TestPartywise" name="test_partywise_inward_rows_and_totals" time="0.180" /><testcase classname="tests.test_gst_recon_phase_e_live.TestExcelExport" name="test_export_xlsx_8_sheets" time="0.775" /><testcase classname="tests.test_gst_recon_phase_e_live.TestClientGSTINValidation" name="test_create_client_with_valid_gstin" time="0.119" /><testcase classname="tests.test_gst_recon_phase_e_live.TestClientGSTINValidation" name="test_patch_client_with_invalid_gstin_rejected" time="0.000"><skipped type="pytest.skip" message="no client created in earlier test">/app/backend/tests/test_gst_recon_phase_e_live.py:173: no client created in earlier test</skipped></testcase><testcase classname="tests.test_gst_recon_phase_e_live.TestClientGSTINValidation" name="test_cleanup_created_client" time="0.000"><skipped type="pytest.skip" message="nothing to clean">/app/backend/tests/test_gst_recon_phase_e_live.py:185: nothing to clean</skipped></testcase></testsuite></testsuites>