<?xml version="1.0" encoding="utf-8"?><testsuites name="pytest tests"><testsuite name="pytest" errors="0" failures="0" skipped="0" tests="16" time="0.658" timestamp="2026-05-06T16:18:16.358795+00:00" hostname="agent-env-70f9a72f-98f5-4d28-9480-92f1d800f413"><testcase classname="tests.test_bc_release_4_6_universal_recipients" name="test_get_universal_recipients_returns_envelope" time="0.010" /><testcase classname="tests.test_bc_release_4_6_universal_recipients" name="test_patch_universal_recipients_round_trip" time="0.007" /><testcase classname="tests.test_bc_release_4_6_universal_recipients" name="test_patch_universal_recipients_dedup_and_normalise" time="0.004" /><testcase classname="tests.test_bc_release_4_6_universal_recipients" name="test_patch_universal_recipients_empty_clears_list" time="0.007" /><testcase classname="tests.test_bc_release_4_6_universal_recipients" name="test_patch_universal_recipients_404_unknown_run" time="0.003" /><testcase classname="tests.test_bc_release_4_6_universal_recipients" name="test_existing_bc_ledgers_have_subhead_after_backfill" time="0.019" /><testcase classname="tests.test_bc_release_4_6_address_offline_subhead" name="test_csv_columns_include_split_address" time="0.000" /><testcase classname="tests.test_bc_release_4_6_address_offline_subhead" name="test_csv_round_trip_preserves_split_address" time="0.001" /><testcase classname="tests.test_bc_release_4_6_address_offline_subhead" name="test_csv_legacy_address_column_backward_compat" time="0.000" /><testcase classname="tests.test_bc_release_4_6_address_offline_subhead" name="test_split_address_from_tally_fields" time="0.000" /><testcase classname="tests.test_bc_release_4_6_address_offline_subhead" name="test_offline_pdf_zip_has_one_entry_per_ledger" time="0.023" /><testcase classname="tests.test_bc_release_4_6_address_offline_subhead" name="test_offline_pdf_letter_includes_party_and_balance" time="0.011" /><testcase classname="tests.test_bc_release_4_6_address_offline_subhead" name="test_subhead_msme_under_sundry_creditors_under_current_liabilities" time="0.000" /><testcase classname="tests.test_bc_release_4_6_address_offline_subhead" name="test_subhead_bank_under_current_assets" time="0.000" /><testcase classname="tests.test_bc_release_4_6_address_offline_subhead" name="test_subhead_falls_back_when_chain_terminates_at_reserved_top_level" time="0.000" /><testcase classname="tests.test_bc_release_4_6_address_offline_subhead" name="test_subhead_unmapped_chain_returns_blank" time="0.458" /></testsuite></testsuites>