<?xml version="1.0" encoding="utf-8"?><testsuites name="pytest tests"><testsuite name="pytest" errors="0" failures="0" skipped="1" tests="21" time="1.616" timestamp="2026-04-29T05:40:35.981581+00:00" hostname="agent-env-70f9a72f-98f5-4d28-9480-92f1d800f413"><testcase classname="tests.test_balance_confirmation_phase5_6.TestSummaryXlsx" name="test_xlsx_unauth" time="0.253" /><testcase classname="tests.test_balance_confirmation_phase5_6.TestSummaryXlsx" name="test_xlsx_bad_rid" time="0.112" /><testcase classname="tests.test_balance_confirmation_phase5_6.TestSummaryXlsx" name="test_xlsx_six_sheets" time="0.182" /><testcase classname="tests.test_balance_confirmation_phase5_6.TestSummaryXlsx" name="test_kpi_buckets_helper" time="0.000" /><testcase classname="tests.test_balance_confirmation_phase5_6.TestSummaryPdf" name="test_pdf_unauth" time="0.046" /><testcase classname="tests.test_balance_confirmation_phase5_6.TestSummaryPdf" name="test_pdf_bad_rid" time="0.054" /><testcase classname="tests.test_balance_confirmation_phase5_6.TestSummaryPdf" name="test_pdf_multipage_with_signoff" time="0.153" /><testcase classname="tests.test_balance_confirmation_phase5_6.TestReconEndpoint" name="test_recon_unauth" time="0.052" /><testcase classname="tests.test_balance_confirmation_phase5_6.TestReconEndpoint" name="test_recon_ambika_xlsx" time="0.065" /><testcase classname="tests.test_balance_confirmation_phase5_6.TestReconEndpoint" name="test_recon_bad_response_id" time="0.053" /><testcase classname="tests.test_balance_confirmation_phase5_6.TestParserUnits" name="test_parse_csv_comma" time="0.001" /><testcase classname="tests.test_balance_confirmation_phase5_6.TestParserUnits" name="test_parse_csv_semicolon" time="0.000" /><testcase classname="tests.test_balance_confirmation_phase5_6.TestParserUnits" name="test_parse_csv_single_amount" time="0.000" /><testcase classname="tests.test_balance_confirmation_phase5_6.TestParserUnits" name="test_parse_unsupported_pdf" time="0.000" /><testcase classname="tests.test_balance_confirmation_phase5_6.TestParserUnits" name="test_parse_unsupported_image" time="0.000" /><testcase classname="tests.test_balance_confirmation_phase5_6.TestParserUnits" name="test_parse_xlsx_roundtrip" time="0.007" /><testcase classname="tests.test_balance_confirmation_phase5_6.TestAutoMatchTolerance" name="test_tolerance_boundary" time="0.000" /><testcase classname="tests.test_balance_confirmation_phase5_6.TestAutoMatchTolerance" name="test_tolerance_huge_no_false_matches_when_amounts_differ" time="0.000" /><testcase classname="tests.test_balance_confirmation_phase5_6.TestReconComments" name="test_add_empty_text_400" time="0.048" /><testcase classname="tests.test_balance_confirmation_phase5_6.TestReconComments" name="test_crud_lifecycle" time="0.208" /><testcase classname="tests.test_balance_confirmation_phase5_6.TestReconTextOnly" name="test_text_only_returns_unsupported_gracefully" time="0.049"><skipped type="pytest.skip" message="No text-only disputed response in fixture run">/app/backend/tests/test_balance_confirmation_phase5_6.py:355: No text-only disputed response in fixture run</skipped></testcase></testsuite></testsuites>