<?xml version="1.0" encoding="utf-8"?><testsuites name="pytest tests"><testsuite name="pytest" errors="0" failures="0" skipped="0" tests="15" time="3.375" timestamp="2026-04-29T05:19:44.406930+00:00" hostname="agent-env-70f9a72f-98f5-4d28-9480-92f1d800f413"><testcase classname="tests.test_balance_confirmation_phase4.TestPublicGet" name="test_public_get_no_auth_returns_ctx" time="0.754" /><testcase classname="tests.test_balance_confirmation_phase4.TestPublicGet" name="test_public_get_unknown_token_404" time="0.054" /><testcase classname="tests.test_balance_confirmation_phase4.TestPublicConfirm" name="test_confirm_flips_status_and_writes_response" time="0.277" /><testcase classname="tests.test_balance_confirmation_phase4.TestPublicConfirm" name="test_confirm_idempotent_replace" time="0.230" /><testcase classname="tests.test_balance_confirmation_phase4.TestPublicConfirm" name="test_pixel_does_not_downgrade_confirmed" time="0.170" /><testcase classname="tests.test_balance_confirmation_phase4.TestPublicDispute" name="test_dispute_empty_reason_400" time="0.111" /><testcase classname="tests.test_balance_confirmation_phase4.TestPublicDispute" name="test_dispute_with_attachment" time="0.176" /><testcase classname="tests.test_balance_confirmation_phase4.TestPublicDispute" name="test_dispute_oversize_413" time="0.439" /><testcase classname="tests.test_balance_confirmation_phase4.TestAuditorResponses" name="test_list_responses_requires_auth" time="0.048" /><testcase classname="tests.test_balance_confirmation_phase4.TestAuditorResponses" name="test_list_responses_enriched" time="0.053" /><testcase classname="tests.test_balance_confirmation_phase4.TestAuditorResponses" name="test_list_responses_filter" time="0.108" /><testcase classname="tests.test_balance_confirmation_phase4.TestAuditorResponses" name="test_attachment_download_pdf" time="0.104" /><testcase classname="tests.test_balance_confirmation_phase4.TestAuditorResponses" name="test_attachment_download_requires_auth" time="0.099" /><testcase classname="tests.test_balance_confirmation_phase4.TestAuditorResponses" name="test_attachment_404_when_no_file" time="0.114" /><testcase classname="tests.test_balance_confirmation_phase4.TestCascadeDelete" name="test_delete_run_cascades_bc_responses" time="0.610" /></testsuite></testsuites>