<?xml version="1.0" encoding="utf-8"?><testsuites name="pytest tests"><testsuite name="pytest" errors="0" failures="0" skipped="0" tests="29" time="0.329" timestamp="2026-05-04T16:59:00.532075+00:00" hostname="agent-env-70f9a72f-98f5-4d28-9480-92f1d800f413"><testcase classname="tests.test_clause44_release3_1.TestKindClassifier" name="test_input_prefixed_names" time="0.000" /><testcase classname="tests.test_clause44_release3_1.TestKindClassifier" name="test_output_prefixed_names" time="0.000" /><testcase classname="tests.test_clause44_release3_1.TestKindClassifier" name="test_alt_names" time="0.000" /><testcase classname="tests.test_clause44_release3_1.TestKindClassifier" name="test_neutral_falls_back_to_other" time="0.000" /><testcase classname="tests.test_clause44_release3_1.TestSeedingHeuristic" name="test_input_with_target_subhead_is_pre_ticked" time="0.000" /><testcase classname="tests.test_clause44_release3_1.TestSeedingHeuristic" name="test_output_with_target_subhead_is_NOT_pre_ticked" time="0.000" /><testcase classname="tests.test_clause44_release3_1.TestSeedingHeuristic" name="test_other_with_target_subhead_is_NOT_pre_ticked" time="0.000" /><testcase classname="tests.test_clause44_release3_1.TestSeedingHeuristic" name="test_input_off_target_subhead_is_NOT_pre_ticked" time="0.000" /><testcase classname="tests.test_clause44_release3_1.TestSeedingHeuristic" name="test_real_world_abc_textile_set" time="0.000" /><testcase classname="tests.test_clause44_release3_2.TestNameWhitespaceCollapse" name="test_sgst_in_put_with_space" time="0.000" /><testcase classname="tests.test_clause44_release3_2.TestNameWhitespaceCollapse" name="test_input_with_dash_underscore" time="0.000" /><testcase classname="tests.test_clause44_release3_2.TestParentGroupSignal" name="test_input_credit_group_catches_neutral_named_ledger" time="0.000" /><testcase classname="tests.test_clause44_release3_2.TestParentGroupSignal" name="test_output_credit_group_overrides" time="0.000" /><testcase classname="tests.test_clause44_release3_2.TestParentGroupSignal" name="test_defrerred_input_credit_typo" time="0.000" /><testcase classname="tests.test_clause44_release3_2.TestSourcePriority" name="test_name_beats_group" time="0.000" /><testcase classname="tests.test_clause44_release3_2.TestSourcePriority" name="test_output_anywhere_wins_over_input" time="0.000" /><testcase classname="tests.test_clause44_release3_2.TestVoucherUsage" name="test_purchase_dominant_marks_input" time="0.000" /><testcase classname="tests.test_clause44_release3_2.TestVoucherUsage" name="test_sales_dominant_marks_output" time="0.000" /><testcase classname="tests.test_clause44_release3_2.TestVoucherUsage" name="test_mixed_usage_returns_neutral" time="0.000" /><testcase classname="tests.test_clause44_release3_2.TestVoucherUsage" name="test_unused_ledger_returns_neutral" time="0.000" /><testcase classname="tests.test_clause44_release3_2.TestVoucherUsage" name="test_below_threshold_returns_neutral" time="0.000" /><testcase classname="tests.test_clause44_release3_2.TestSuggestionsIntegration" name="test_usage_promotes_other_to_input_and_pre_ticks" time="0.000" /><testcase classname="tests.test_clause44_release3_2.TestSuggestionsIntegration" name="test_name_input_with_no_subhead_match_now_pre_ticks_via_usage" time="0.000" /><testcase classname="tests.test_clause44_release3_2.TestSuggestionsIntegration" name="test_output_named_with_purchase_usage_stays_output" time="0.000" /><testcase classname="tests.test_clause44_release3_2.TestSuggestionsIntegration" name="test_no_vouchers_falls_back_to_legacy_subhead_path" time="0.000" /><testcase classname="tests.test_clause44_release3_2.TestSuggestionsIntegration" name="test_real_abc_textile_pattern" time="0.000" /><testcase classname="tests.test_clause44_release3_2.TestCoverageDiagnostic" name="test_coverage_full" time="0.000" /><testcase classname="tests.test_clause44_release3_2.TestCoverageDiagnostic" name="test_coverage_zero_triggers_advisory" time="0.000" /><testcase classname="tests.test_clause44_release3_2.TestCoverageDiagnostic" name="test_no_eligible_vouchers_returns_none" time="0.000" /></testsuite></testsuites>