<?xml version="1.0" encoding="utf-8"?><testsuites name="pytest tests"><testsuite name="pytest" errors="0" failures="2" skipped="0" tests="9" time="2.267" timestamp="2026-05-07T16:55:01.277187+00:00" hostname="agent-env-70f9a72f-98f5-4d28-9480-92f1d800f413"><testcase classname="tests.test_phase_c2_smoke.TestBalanceConfirmationScope" name="test_consolidation_scope" time="0.259" /><testcase classname="tests.test_phase_c2_smoke.TestBalanceConfirmationScope" name="test_division_scope_idempotent" time="0.158" /><testcase classname="tests.test_phase_c2_smoke.TestBalanceConfirmationScope" name="test_consolidation_and_division_distinct_docs" time="0.199" /><testcase classname="tests.test_phase_c2_smoke.TestOtherModulesScopeAcceptance" name="test_fixed_assets" time="0.086" /><testcase classname="tests.test_phase_c2_smoke.TestOtherModulesScopeAcceptance" name="test_gst_recon" time="0.078" /><testcase classname="tests.test_phase_c2_smoke.TestOtherModulesScopeAcceptance" name="test_fin_statement" time="0.083" /><testcase classname="tests.test_phase_c2_smoke.TestOtherModulesScopeAcceptance" name="test_msme_sessions" time="0.078"><failure message="AssertionError: got: ['id', 'client_id', 'name', 'fy', 'scope', 'source_filename', 'payments_filename', 'generated_by', 'created_at', 'has_yearend', 'has_profiles', 'has_payments', 'has_results', 'yearend_count', 'profile_count', 'payment_count']&#10;assert None == 'consolidation'&#10; +  where None = &lt;built-in method get of dict object at 0xfa3133cf1e40&gt;('scope_kind')&#10; +    where &lt;built-in method get of dict object at 0xfa3133cf1e40&gt; = {'client_id': 'cli_c5d02541264c', 'created_at': '2026-05-07T16:55:02.207342+00:00', 'fy': '2099-00', 'generated_by': 'QA Bot', ...}.get">backend/tests/test_phase_c2_smoke.py:114: in test_msme_sessions
    assert d.get("scope_kind") == "consolidation", f"got: {list(d.keys())}"
E   AssertionError: got: ['id', 'client_id', 'name', 'fy', 'scope', 'source_filename', 'payments_filename', 'generated_by', 'created_at', 'has_yearend', 'has_profiles', 'has_payments', 'has_results', 'yearend_count', 'profile_count', 'payment_count']
E   assert None == 'consolidation'
E    +  where None = &lt;built-in method get of dict object at 0xfa3133cf1e40&gt;('scope_kind')
E    +    where &lt;built-in method get of dict object at 0xfa3133cf1e40&gt; = {'client_id': 'cli_c5d02541264c', 'created_at': '2026-05-07T16:55:02.207342+00:00', 'fy': '2099-00', 'generated_by': 'QA Bot', ...}.get</failure></testcase><testcase classname="tests.test_phase_c2_smoke.TestMsmeScopeFieldsExposed" name="test_msme_list_exposes_scope_fields" time="0.079"><failure message="AssertionError: missing key scope_kind in MSME session_summary; have ['id', 'client_id', 'name', 'fy', 'scope', 'source_filename', 'payments_filename', 'generated_by', 'created_at', 'has_yearend', 'has_profiles', 'has_payments', 'has_results', 'yearend_count', 'profile_count', 'payment_count']&#10;assert 'scope_kind' in {'client_id': 'cli_c5d02541264c', 'created_at': '2026-05-07T16:55:02.207342+00:00', 'fy': '2099-00', 'generated_by': 'QA Bot', ...}">backend/tests/test_phase_c2_smoke.py:128: in test_msme_list_exposes_scope_fields
    assert k in row, f"missing key {k} in MSME session_summary; have {list(row.keys())}"
E   AssertionError: missing key scope_kind in MSME session_summary; have ['id', 'client_id', 'name', 'fy', 'scope', 'source_filename', 'payments_filename', 'generated_by', 'created_at', 'has_yearend', 'has_profiles', 'has_payments', 'has_results', 'yearend_count', 'profile_count', 'payment_count']
E   assert 'scope_kind' in {'client_id': 'cli_c5d02541264c', 'created_at': '2026-05-07T16:55:02.207342+00:00', 'fy': '2099-00', 'generated_by': 'QA Bot', ...}</failure></testcase><testcase classname="tests.test_phase_c2_smoke.TestLibraryStatusRegression" name="test_library_status_carries_attribution" time="1.197" /></testsuite></testsuites>